Analysis & Synthesis report for cronos
Tue May 28 13:30:48 2024
Quartus II 64-Bit Version 13.1.0 Build 162 10/23/2013 SJ Web Edition


---------------------
; Table of Contents ;
---------------------
  1. Legal Notice
  2. Analysis & Synthesis Summary
  3. Analysis & Synthesis Settings
  4. Parallel Compilation
  5. Analysis & Synthesis Source Files Read
  6. Analysis & Synthesis Resource Usage Summary
  7. Analysis & Synthesis Resource Utilization by Entity
  8. General Register Statistics
  9. Port Connectivity Checks: "Ttype:\TFFg:0:TFF0"
 10. Elapsed Time Per Partition
 11. Analysis & Synthesis Messages



----------------
; Legal Notice ;
----------------
Copyright (C) 1991-2013 Altera Corporation
Your use of Altera Corporation's design tools, logic functions 
and other software and tools, and its AMPP partner logic 
functions, and any output files from any of the foregoing 
(including device programming or simulation files), and any 
associated documentation or information are expressly subject 
to the terms and conditions of the Altera Program License 
Subscription Agreement, Altera MegaCore Function License 
Agreement, or other applicable license agreement, including, 
without limitation, that your use is for the sole purpose of 
programming logic devices manufactured by Altera and sold by 
Altera or its authorized distributors.  Please refer to the 
applicable agreement for further details.



+---------------------------------------------------------------------------------+
; Analysis & Synthesis Summary                                                    ;
+------------------------------------+--------------------------------------------+
; Analysis & Synthesis Status        ; Successful - Tue May 28 13:30:48 2024      ;
; Quartus II 64-Bit Version          ; 13.1.0 Build 162 10/23/2013 SJ Web Edition ;
; Revision Name                      ; cronos                                     ;
; Top-level Entity Name              ; cronos                                     ;
; Family                             ; Cyclone III                                ;
; Total logic elements               ; 82                                         ;
;     Total combinational functions  ; 82                                         ;
;     Dedicated logic registers      ; 35                                         ;
; Total registers                    ; 35                                         ;
; Total pins                         ; 34                                         ;
; Total virtual pins                 ; 0                                          ;
; Total memory bits                  ; 0                                          ;
; Embedded Multiplier 9-bit elements ; 0                                          ;
; Total PLLs                         ; 0                                          ;
+------------------------------------+--------------------------------------------+


+----------------------------------------------------------------------------------------------------------------------+
; Analysis & Synthesis Settings                                                                                        ;
+----------------------------------------------------------------------------+--------------------+--------------------+
; Option                                                                     ; Setting            ; Default Value      ;
+----------------------------------------------------------------------------+--------------------+--------------------+
; Device                                                                     ; EP3C16F484C6       ;                    ;
; Top-level entity name                                                      ; cronos             ; cronos             ;
; Family name                                                                ; Cyclone III        ; Cyclone IV GX      ;
; Use smart compilation                                                      ; Off                ; Off                ;
; Enable parallel Assembler and TimeQuest Timing Analyzer during compilation ; On                 ; On                 ;
; Enable compact report table                                                ; Off                ; Off                ;
; Restructure Multiplexers                                                   ; Auto               ; Auto               ;
; Create Debugging Nodes for IP Cores                                        ; Off                ; Off                ;
; Preserve fewer node names                                                  ; On                 ; On                 ;
; Disable OpenCore Plus hardware evaluation                                  ; Off                ; Off                ;
; Verilog Version                                                            ; Verilog_2001       ; Verilog_2001       ;
; VHDL Version                                                               ; VHDL_1993          ; VHDL_1993          ;
; State Machine Processing                                                   ; Auto               ; Auto               ;
; Safe State Machine                                                         ; Off                ; Off                ;
; Extract Verilog State Machines                                             ; On                 ; On                 ;
; Extract VHDL State Machines                                                ; On                 ; On                 ;
; Ignore Verilog initial constructs                                          ; Off                ; Off                ;
; Iteration limit for constant Verilog loops                                 ; 5000               ; 5000               ;
; Iteration limit for non-constant Verilog loops                             ; 250                ; 250                ;
; Add Pass-Through Logic to Inferred RAMs                                    ; On                 ; On                 ;
; Infer RAMs from Raw Logic                                                  ; On                 ; On                 ;
; Parallel Synthesis                                                         ; On                 ; On                 ;
; DSP Block Balancing                                                        ; Auto               ; Auto               ;
; NOT Gate Push-Back                                                         ; On                 ; On                 ;
; Power-Up Don't Care                                                        ; On                 ; On                 ;
; Remove Redundant Logic Cells                                               ; Off                ; Off                ;
; Remove Duplicate Registers                                                 ; On                 ; On                 ;
; Ignore CARRY Buffers                                                       ; Off                ; Off                ;
; Ignore CASCADE Buffers                                                     ; Off                ; Off                ;
; Ignore GLOBAL Buffers                                                      ; Off                ; Off                ;
; Ignore ROW GLOBAL Buffers                                                  ; Off                ; Off                ;
; Ignore LCELL Buffers                                                       ; Off                ; Off                ;
; Ignore SOFT Buffers                                                        ; On                 ; On                 ;
; Limit AHDL Integers to 32 Bits                                             ; Off                ; Off                ;
; Optimization Technique                                                     ; Balanced           ; Balanced           ;
; Carry Chain Length                                                         ; 70                 ; 70                 ;
; Auto Carry Chains                                                          ; On                 ; On                 ;
; Auto Open-Drain Pins                                                       ; On                 ; On                 ;
; Perform WYSIWYG Primitive Resynthesis                                      ; Off                ; Off                ;
; Auto ROM Replacement                                                       ; On                 ; On                 ;
; Auto RAM Replacement                                                       ; On                 ; On                 ;
; Auto DSP Block Replacement                                                 ; On                 ; On                 ;
; Auto Shift Register Replacement                                            ; Auto               ; Auto               ;
; Allow Shift Register Merging across Hierarchies                            ; Auto               ; Auto               ;
; Auto Clock Enable Replacement                                              ; On                 ; On                 ;
; Strict RAM Replacement                                                     ; Off                ; Off                ;
; Allow Synchronous Control Signals                                          ; On                 ; On                 ;
; Force Use of Synchronous Clear Signals                                     ; Off                ; Off                ;
; Auto RAM Block Balancing                                                   ; On                 ; On                 ;
; Auto RAM to Logic Cell Conversion                                          ; Off                ; Off                ;
; Auto Resource Sharing                                                      ; Off                ; Off                ;
; Allow Any RAM Size For Recognition                                         ; Off                ; Off                ;
; Allow Any ROM Size For Recognition                                         ; Off                ; Off                ;
; Allow Any Shift Register Size For Recognition                              ; Off                ; Off                ;
; Use LogicLock Constraints during Resource Balancing                        ; On                 ; On                 ;
; Ignore translate_off and synthesis_off directives                          ; Off                ; Off                ;
; Timing-Driven Synthesis                                                    ; On                 ; On                 ;
; Report Parameter Settings                                                  ; On                 ; On                 ;
; Report Source Assignments                                                  ; On                 ; On                 ;
; Report Connectivity Checks                                                 ; On                 ; On                 ;
; Ignore Maximum Fan-Out Assignments                                         ; Off                ; Off                ;
; Synchronization Register Chain Length                                      ; 2                  ; 2                  ;
; PowerPlay Power Optimization                                               ; Normal compilation ; Normal compilation ;
; HDL message level                                                          ; Level2             ; Level2             ;
; Suppress Register Optimization Related Messages                            ; Off                ; Off                ;
; Number of Removed Registers Reported in Synthesis Report                   ; 5000               ; 5000               ;
; Number of Swept Nodes Reported in Synthesis Report                         ; 5000               ; 5000               ;
; Number of Inverted Registers Reported in Synthesis Report                  ; 100                ; 100                ;
; Clock MUX Protection                                                       ; On                 ; On                 ;
; Auto Gated Clock Conversion                                                ; Off                ; Off                ;
; Block Design Naming                                                        ; Auto               ; Auto               ;
; SDC constraint protection                                                  ; Off                ; Off                ;
; Synthesis Effort                                                           ; Auto               ; Auto               ;
; Shift Register Replacement - Allow Asynchronous Clear Signal               ; On                 ; On                 ;
; Pre-Mapping Resynthesis Optimization                                       ; Off                ; Off                ;
; Analysis & Synthesis Message Level                                         ; Medium             ; Medium             ;
; Disable Register Merging Across Hierarchies                                ; Auto               ; Auto               ;
; Resource Aware Inference For Block RAM                                     ; On                 ; On                 ;
; Synthesis Seed                                                             ; 1                  ; 1                  ;
+----------------------------------------------------------------------------+--------------------+--------------------+


+------------------------------------------+
; Parallel Compilation                     ;
+----------------------------+-------------+
; Processors                 ; Number      ;
+----------------------------+-------------+
; Number detected on machine ; 8           ;
; Maximum allowed            ; 4           ;
;                            ;             ;
; Average used               ; 1.00        ;
; Maximum used               ; 1           ;
;                            ;             ;
; Usage by Processor         ; % Time Used ;
;     Processor 1            ; 100.0%      ;
;     Processors 2-8         ;   0.0%      ;
+----------------------------+-------------+


+----------------------------------------------------------------------------------------------------------------------------------------------------------------------------------------------------+
; Analysis & Synthesis Source Files Read                                                                                                                                                             ;
+----------------------------------+-----------------+-----------------------+-------------------------------------------------------------------------------------------------------------+---------+
; File Name with User-Entered Path ; Used in Netlist ; File Type             ; File Name with Absolute Path                                                                                ; Library ;
+----------------------------------+-----------------+-----------------------+-------------------------------------------------------------------------------------------------------------+---------+
; cronos.vhd                       ; yes             ; User VHDL File        ; C:/Users/compu/Documents/1Juan/1Facultad/6 Semestre/E1212 Técnicas Digitales/práctica/tp8/cronos/cronos.vhd ;         ;
; deco.vhd                         ; yes             ; User VHDL File        ; C:/Users/compu/Documents/1Juan/1Facultad/6 Semestre/E1212 Técnicas Digitales/práctica/tp8/cronos/deco.vhd   ;         ;
; ttype.vhd                        ; yes             ; Auto-Found VHDL File  ; C:/Users/compu/Documents/1Juan/1Facultad/6 Semestre/E1212 Técnicas Digitales/práctica/tp8/cronos/ttype.vhd  ;         ;
+----------------------------------+-----------------+-----------------------+-------------------------------------------------------------------------------------------------------------+---------+


+-----------------------------------------------------+
; Analysis & Synthesis Resource Usage Summary         ;
+---------------------------------------------+-------+
; Resource                                    ; Usage ;
+---------------------------------------------+-------+
; Estimated Total logic elements              ; 82    ;
;                                             ;       ;
; Total combinational functions               ; 82    ;
; Logic element usage by number of LUT inputs ;       ;
;     -- 4 input functions                    ; 51    ;
;     -- 3 input functions                    ; 19    ;
;     -- <=2 input functions                  ; 12    ;
;                                             ;       ;
; Logic elements by mode                      ;       ;
;     -- normal mode                          ; 82    ;
;     -- arithmetic mode                      ; 0     ;
;                                             ;       ;
; Total registers                             ; 35    ;
;     -- Dedicated logic registers            ; 35    ;
;     -- I/O registers                        ; 0     ;
;                                             ;       ;
; I/O pins                                    ; 34    ;
; Embedded Multiplier 9-bit elements          ; 0     ;
; Maximum fan-out node                        ; flag  ;
; Maximum fan-out                             ; 35    ;
; Total fan-out                               ; 480   ;
; Average fan-out                             ; 2.59  ;
+---------------------------------------------+-------+


+-------------------------------------------------------------------------------------------------------------------------------------------------------------------------------------+
; Analysis & Synthesis Resource Utilization by Entity                                                                                                                                 ;
+----------------------------+-------------------+--------------+-------------+--------------+---------+-----------+------+--------------+-----------------------------+--------------+
; Compilation Hierarchy Node ; LC Combinationals ; LC Registers ; Memory Bits ; DSP Elements ; DSP 9x9 ; DSP 18x18 ; Pins ; Virtual Pins ; Full Hierarchy Name         ; Library Name ;
+----------------------------+-------------------+--------------+-------------+--------------+---------+-----------+------+--------------+-----------------------------+--------------+
; |cronos                    ; 82 (28)           ; 35 (16)      ; 0           ; 0            ; 0       ; 0         ; 34   ; 0            ; |cronos                     ; work         ;
;    |Ttype:\TFFg:0:TFF0|    ; 1 (1)             ; 1 (1)        ; 0           ; 0            ; 0       ; 0         ; 0    ; 0            ; |cronos|Ttype:\TFFg:0:TFF0  ; work         ;
;    |Ttype:\TFFg:10:TFF0|   ; 1 (1)             ; 1 (1)        ; 0           ; 0            ; 0       ; 0         ; 0    ; 0            ; |cronos|Ttype:\TFFg:10:TFF0 ; work         ;
;    |Ttype:\TFFg:11:TFF0|   ; 1 (1)             ; 1 (1)        ; 0           ; 0            ; 0       ; 0         ; 0    ; 0            ; |cronos|Ttype:\TFFg:11:TFF0 ; work         ;
;    |Ttype:\TFFg:12:TFF0|   ; 1 (1)             ; 1 (1)        ; 0           ; 0            ; 0       ; 0         ; 0    ; 0            ; |cronos|Ttype:\TFFg:12:TFF0 ; work         ;
;    |Ttype:\TFFg:13:TFF0|   ; 2 (2)             ; 1 (1)        ; 0           ; 0            ; 0       ; 0         ; 0    ; 0            ; |cronos|Ttype:\TFFg:13:TFF0 ; work         ;
;    |Ttype:\TFFg:14:TFF0|   ; 1 (1)             ; 1 (1)        ; 0           ; 0            ; 0       ; 0         ; 0    ; 0            ; |cronos|Ttype:\TFFg:14:TFF0 ; work         ;
;    |Ttype:\TFFg:15:TFF0|   ; 2 (2)             ; 1 (1)        ; 0           ; 0            ; 0       ; 0         ; 0    ; 0            ; |cronos|Ttype:\TFFg:15:TFF0 ; work         ;
;    |Ttype:\TFFg:16:TFF0|   ; 1 (1)             ; 1 (1)        ; 0           ; 0            ; 0       ; 0         ; 0    ; 0            ; |cronos|Ttype:\TFFg:16:TFF0 ; work         ;
;    |Ttype:\TFFg:17:TFF0|   ; 1 (1)             ; 1 (1)        ; 0           ; 0            ; 0       ; 0         ; 0    ; 0            ; |cronos|Ttype:\TFFg:17:TFF0 ; work         ;
;    |Ttype:\TFFg:18:TFF0|   ; 2 (2)             ; 1 (1)        ; 0           ; 0            ; 0       ; 0         ; 0    ; 0            ; |cronos|Ttype:\TFFg:18:TFF0 ; work         ;
;    |Ttype:\TFFg:1:TFF0|    ; 1 (1)             ; 1 (1)        ; 0           ; 0            ; 0       ; 0         ; 0    ; 0            ; |cronos|Ttype:\TFFg:1:TFF0  ; work         ;
;    |Ttype:\TFFg:2:TFF0|    ; 1 (1)             ; 1 (1)        ; 0           ; 0            ; 0       ; 0         ; 0    ; 0            ; |cronos|Ttype:\TFFg:2:TFF0  ; work         ;
;    |Ttype:\TFFg:3:TFF0|    ; 2 (2)             ; 1 (1)        ; 0           ; 0            ; 0       ; 0         ; 0    ; 0            ; |cronos|Ttype:\TFFg:3:TFF0  ; work         ;
;    |Ttype:\TFFg:4:TFF0|    ; 1 (1)             ; 1 (1)        ; 0           ; 0            ; 0       ; 0         ; 0    ; 0            ; |cronos|Ttype:\TFFg:4:TFF0  ; work         ;
;    |Ttype:\TFFg:5:TFF0|    ; 1 (1)             ; 1 (1)        ; 0           ; 0            ; 0       ; 0         ; 0    ; 0            ; |cronos|Ttype:\TFFg:5:TFF0  ; work         ;
;    |Ttype:\TFFg:6:TFF0|    ; 1 (1)             ; 1 (1)        ; 0           ; 0            ; 0       ; 0         ; 0    ; 0            ; |cronos|Ttype:\TFFg:6:TFF0  ; work         ;
;    |Ttype:\TFFg:7:TFF0|    ; 1 (1)             ; 1 (1)        ; 0           ; 0            ; 0       ; 0         ; 0    ; 0            ; |cronos|Ttype:\TFFg:7:TFF0  ; work         ;
;    |Ttype:\TFFg:8:TFF0|    ; 1 (1)             ; 1 (1)        ; 0           ; 0            ; 0       ; 0         ; 0    ; 0            ; |cronos|Ttype:\TFFg:8:TFF0  ; work         ;
;    |Ttype:\TFFg:9:TFF0|    ; 4 (4)             ; 1 (1)        ; 0           ; 0            ; 0       ; 0         ; 0    ; 0            ; |cronos|Ttype:\TFFg:9:TFF0  ; work         ;
;    |deco:deco_cent|        ; 7 (7)             ; 0 (0)        ; 0           ; 0            ; 0       ; 0         ; 0    ; 0            ; |cronos|deco:deco_cent      ; work         ;
;    |deco:deco_dec|         ; 7 (7)             ; 0 (0)        ; 0           ; 0            ; 0       ; 0         ; 0    ; 0            ; |cronos|deco:deco_dec       ; work         ;
;    |deco:deco_desec|       ; 7 (7)             ; 0 (0)        ; 0           ; 0            ; 0       ; 0         ; 0    ; 0            ; |cronos|deco:deco_desec     ; work         ;
;    |deco:deco_sec|         ; 7 (7)             ; 0 (0)        ; 0           ; 0            ; 0       ; 0         ; 0    ; 0            ; |cronos|deco:deco_sec       ; work         ;
+----------------------------+-------------------+--------------+-------------+--------------+---------+-----------+------+--------------+-----------------------------+--------------+
Note: For table entries with two numbers listed, the numbers in parentheses indicate the number of resources of the given type used by the specific entity alone. The numbers listed outside of parentheses indicate the total resources of the given type used by the specific entity and all of its sub-entities in the hierarchy.


+------------------------------------------------------+
; General Register Statistics                          ;
+----------------------------------------------+-------+
; Statistic                                    ; Value ;
+----------------------------------------------+-------+
; Total registers                              ; 35    ;
; Number of registers using Synchronous Clear  ; 19    ;
; Number of registers using Synchronous Load   ; 0     ;
; Number of registers using Asynchronous Clear ; 35    ;
; Number of registers using Asynchronous Load  ; 0     ;
; Number of registers using Clock Enable       ; 12    ;
; Number of registers using Preset             ; 0     ;
+----------------------------------------------+-------+


+------------------------------------------------+
; Port Connectivity Checks: "Ttype:\TFFg:0:TFF0" ;
+------+-------+----------+----------------------+
; Port ; Type  ; Severity ; Details              ;
+------+-------+----------+----------------------+
; t    ; Input ; Info     ; Stuck at VCC         ;
+------+-------+----------+----------------------+


+-------------------------------+
; Elapsed Time Per Partition    ;
+----------------+--------------+
; Partition Name ; Elapsed Time ;
+----------------+--------------+
; Top            ; 00:00:00     ;
+----------------+--------------+


+-------------------------------+
; Analysis & Synthesis Messages ;
+-------------------------------+
Info: *******************************************************************
Info: Running Quartus II 64-Bit Analysis & Synthesis
    Info: Version 13.1.0 Build 162 10/23/2013 SJ Web Edition
    Info: Processing started: Tue May 28 13:30:46 2024
Info: Command: quartus_map --read_settings_files=on --write_settings_files=off cronos -c cronos
Info (11104): Parallel Compilation has detected 8 hyper-threaded processors. However, the extra hyper-threaded processors will not be used by default. Parallel Compilation will use 4 of the 4 physical processors detected instead.
Info (12021): Found 2 design units, including 1 entities, in source file cronos.vhd
    Info (12022): Found design unit 1: cronos-shape
    Info (12023): Found entity 1: cronos
Warning (12019): Can't analyze file -- file TFF.vhd is missing
Info (12021): Found 2 design units, including 1 entities, in source file deco.vhd
    Info (12022): Found design unit 1: deco-shape
    Info (12023): Found entity 1: deco
Info (12021): Found 2 design units, including 1 entities, in source file deco_sincero.vhd
    Info (12022): Found design unit 1: deco_sincero-shape
    Info (12023): Found entity 1: deco_sincero
Info (12127): Elaborating entity "cronos" for the top level hierarchy
Warning (10445): VHDL Subtype or Type Declaration warning at cronos.vhd(80): subtype or type has null range
Warning (10873): Using initial value X (don't care) for net "GPIO0_D[1]" at cronos.vhd(19)
Info (12128): Elaborating entity "deco" for hierarchy "deco:deco_cent"
Warning (12125): Using design file ttype.vhd, which is not specified as a design file for the current project, but contains definitions for 2 design units and 1 entities in project
    Info (12022): Found design unit 1: Ttype-shape
    Info (12023): Found entity 1: Ttype
Info (12128): Elaborating entity "Ttype" for hierarchy "Ttype:\TFFg:0:TFF0"
Info (10041): Inferred latch for "Taux" at ttype.vhd(21)
Warning (13024): Output pins are stuck at VCC or GND
    Warning (13410): Pin "HEX2_DP" is stuck at GND
    Warning (13410): Pin "GPIO0_D[1]" is stuck at GND
Info (286030): Timing-Driven Synthesis is running
Warning (20013): Ignored assignments for entity "DE0_Default" -- entity does not exist in design
    Warning (20014): Assignment for entity set_global_assignment -name LL_ROOT_REGION ON -entity DE0_Default -section_id "Root Region" was ignored
    Warning (20014): Assignment for entity set_global_assignment -name LL_MEMBER_STATE LOCKED -entity DE0_Default -section_id "Root Region" was ignored
    Warning (20014): Assignment for entity set_global_assignment -name LL_ROUTING_REGION OFF -entity DE0_Default -section_id "Root Region" was ignored
    Warning (20014): Assignment for entity set_instance_assignment -name PARTITION_HIERARCHY root_partition -to | -entity DE0_Default -section_id Top was ignored
    Warning (20014): Assignment for entity set_global_assignment -name PARTITION_NETLIST_TYPE SOURCE -entity DE0_Default -section_id Top was ignored
    Warning (20014): Assignment for entity set_global_assignment -name PARTITION_PRESERVE_HIGH_SPEED_TILES ON -entity DE0_Default -section_id Top was ignored
    Warning (20014): Assignment for entity set_global_assignment -name PARTITION_IGNORE_SOURCE_FILE_CHANGES OFF -entity DE0_Default -section_id Top was ignored
    Warning (20014): Assignment for entity set_global_assignment -name PARTITION_ALWAYS_USE_QXP_NETLIST OFF -entity DE0_Default -section_id Top was ignored
    Warning (20014): Assignment for entity set_global_assignment -name PARTITION_COLOR 14622752 -entity DE0_Default -section_id Top was ignored
    Warning (20014): Assignment for entity set_global_assignment -name PARTITION_IMPORT_ASSIGNMENTS ON -entity DE0_Default -section_id Top was ignored
    Warning (20014): Assignment for entity set_global_assignment -name PARTITION_IMPORT_EXISTING_ASSIGNMENTS REPLACE_CONFLICTING -entity DE0_Default -section_id Top was ignored
    Warning (20014): Assignment for entity set_global_assignment -name PARTITION_IMPORT_EXISTING_LOGICLOCK_REGIONS UPDATE_CONFLICTING -entity DE0_Default -section_id Top was ignored
    Warning (20014): Assignment for entity set_global_assignment -name PARTITION_IMPORT_PIN_ASSIGNMENTS ON -entity DE0_Default -section_id Top was ignored
    Warning (20014): Assignment for entity set_global_assignment -name PARTITION_IMPORT_PROMOTE_ASSIGNMENTS ON -entity DE0_Default -section_id Top was ignored
    Warning (20014): Assignment for entity set_global_assignment -name PARTITION_TYPE STANDARD_PARTITION -entity DE0_Default -section_id Top was ignored
    Warning (20014): Assignment for entity set_global_assignment -name ALLOW_MULTIPLE_PERSONAS OFF -entity DE0_Default -section_id Top was ignored
    Warning (20014): Assignment for entity set_global_assignment -name PARTITION_ASD_REGION_ID 1 -entity DE0_Default -section_id Top was ignored
    Warning (20014): Assignment for entity set_global_assignment -name CROSS_BOUNDARY_OPTIMIZATIONS OFF -entity DE0_Default -section_id Top was ignored
    Warning (20014): Assignment for entity set_global_assignment -name PROPAGATE_CONSTANTS_ON_INPUTS ON -entity DE0_Default -section_id Top was ignored
    Warning (20014): Assignment for entity set_global_assignment -name PROPAGATE_INVERSIONS_ON_INPUTS ON -entity DE0_Default -section_id Top was ignored
    Warning (20014): Assignment for entity set_global_assignment -name REMOVE_LOGIC_ON_UNCONNECTED_OUTPUTS ON -entity DE0_Default -section_id Top was ignored
    Warning (20014): Assignment for entity set_global_assignment -name MERGE_EQUIVALENT_INPUTS ON -entity DE0_Default -section_id Top was ignored
    Warning (20014): Assignment for entity set_global_assignment -name MERGE_EQUIVALENT_BIDIRS ON -entity DE0_Default -section_id Top was ignored
    Warning (20014): Assignment for entity set_global_assignment -name ABSORB_PATHS_FROM_OUTPUTS_TO_INPUTS ON -entity DE0_Default -section_id Top was ignored
    Warning (20014): Assignment for entity set_global_assignment -name PARTITION_EXTRACT_HARD_BLOCK_NODES ON -entity DE0_Default -section_id Top was ignored
    Warning (20014): Assignment for entity set_global_assignment -name PARTITION_ENABLE_STRICT_PRESERVATION OFF -entity DE0_Default -section_id Top was ignored
Info (16010): Generating hard_block partition "hard_block:auto_generated_inst"
    Info (16011): Adding 0 node(s), including 0 DDIO, 0 PLL, 0 transceiver and 0 LCELL
Info (21057): Implemented 116 device resources after synthesis - the final resource count might be different
    Info (21058): Implemented 3 input pins
    Info (21059): Implemented 31 output pins
    Info (21061): Implemented 82 logic cells
Info: Quartus II 64-Bit Analysis & Synthesis was successful. 0 errors, 34 warnings
    Info: Peak virtual memory: 4685 megabytes
    Info: Processing ended: Tue May 28 13:30:48 2024
    Info: Elapsed time: 00:00:02
    Info: Total CPU time (on all processors): 00:00:00


