Analysis & Synthesis report for RAMCore2
Thu Jun 06 14:22:22 2024
Quartus II 64-Bit Version 13.1.0 Build 162 10/23/2013 SJ Web Edition


---------------------
; Table of Contents ;
---------------------
  1. Legal Notice
  2. Analysis & Synthesis Summary
  3. Analysis & Synthesis Settings
  4. Parallel Compilation
  5. Analysis & Synthesis IP Cores Summary
  6. Source assignments for RAMdevice_32:RAMdev_32|altsyncram:altsyncram_component|altsyncram_sup3:auto_generated
  7. Source assignments for RAMdevice_16:RAMdev_16|altsyncram:altsyncram_component|altsyncram_tup3:auto_generated
  8. Source assignments for RAMdevice_8:RAMdev_8|altsyncram:altsyncram_component|altsyncram_iup3:auto_generated
  9. Parameter Settings for User Entity Instance: RAMdevice_32:RAMdev_32|altsyncram:altsyncram_component
 10. Parameter Settings for User Entity Instance: RAMdevice_16:RAMdev_16|altsyncram:altsyncram_component
 11. Parameter Settings for User Entity Instance: RAMdevice_8:RAMdev_8|altsyncram:altsyncram_component
 12. Analysis & Synthesis Messages



----------------
; Legal Notice ;
----------------
Copyright (C) 1991-2013 Altera Corporation
Your use of Altera Corporation's design tools, logic functions 
and other software and tools, and its AMPP partner logic 
functions, and any output files from any of the foregoing 
(including device programming or simulation files), and any 
associated documentation or information are expressly subject 
to the terms and conditions of the Altera Program License 
Subscription Agreement, Altera MegaCore Function License 
Agreement, or other applicable license agreement, including, 
without limitation, that your use is for the sole purpose of 
programming logic devices manufactured by Altera and sold by 
Altera or its authorized distributors.  Please refer to the 
applicable agreement for further details.



+---------------------------------------------------------------------------------+
; Analysis & Synthesis Summary                                                    ;
+------------------------------------+--------------------------------------------+
; Analysis & Synthesis Status        ; Failed - Thu Jun 06 14:22:22 2024          ;
; Quartus II 64-Bit Version          ; 13.1.0 Build 162 10/23/2013 SJ Web Edition ;
; Revision Name                      ; RAMCore2                                   ;
; Top-level Entity Name              ; RAMs_drive                                 ;
; Family                             ; Cyclone III                                ;
; Total logic elements               ; N/A until Partition Merge                  ;
;     Total combinational functions  ; N/A until Partition Merge                  ;
;     Dedicated logic registers      ; N/A until Partition Merge                  ;
; Total registers                    ; N/A until Partition Merge                  ;
; Total pins                         ; N/A until Partition Merge                  ;
; Total virtual pins                 ; N/A until Partition Merge                  ;
; Total memory bits                  ; N/A until Partition Merge                  ;
; Embedded Multiplier 9-bit elements ; N/A until Partition Merge                  ;
; Total PLLs                         ; N/A until Partition Merge                  ;
+------------------------------------+--------------------------------------------+


+----------------------------------------------------------------------------------------------------------------------+
; Analysis & Synthesis Settings                                                                                        ;
+----------------------------------------------------------------------------+--------------------+--------------------+
; Option                                                                     ; Setting            ; Default Value      ;
+----------------------------------------------------------------------------+--------------------+--------------------+
; Device                                                                     ; EP3C16F484C6       ;                    ;
; Top-level entity name                                                      ; RAMs_drive         ; RAMCore2           ;
; Family name                                                                ; Cyclone III        ; Cyclone IV GX      ;
; Use smart compilation                                                      ; Off                ; Off                ;
; Enable parallel Assembler and TimeQuest Timing Analyzer during compilation ; On                 ; On                 ;
; Enable compact report table                                                ; Off                ; Off                ;
; Restructure Multiplexers                                                   ; Auto               ; Auto               ;
; Create Debugging Nodes for IP Cores                                        ; Off                ; Off                ;
; Preserve fewer node names                                                  ; On                 ; On                 ;
; Disable OpenCore Plus hardware evaluation                                  ; Off                ; Off                ;
; Verilog Version                                                            ; Verilog_2001       ; Verilog_2001       ;
; VHDL Version                                                               ; VHDL_1993          ; VHDL_1993          ;
; State Machine Processing                                                   ; Auto               ; Auto               ;
; Safe State Machine                                                         ; Off                ; Off                ;
; Extract Verilog State Machines                                             ; On                 ; On                 ;
; Extract VHDL State Machines                                                ; On                 ; On                 ;
; Ignore Verilog initial constructs                                          ; Off                ; Off                ;
; Iteration limit for constant Verilog loops                                 ; 5000               ; 5000               ;
; Iteration limit for non-constant Verilog loops                             ; 250                ; 250                ;
; Add Pass-Through Logic to Inferred RAMs                                    ; On                 ; On                 ;
; Infer RAMs from Raw Logic                                                  ; On                 ; On                 ;
; Parallel Synthesis                                                         ; On                 ; On                 ;
; DSP Block Balancing                                                        ; Auto               ; Auto               ;
; NOT Gate Push-Back                                                         ; On                 ; On                 ;
; Power-Up Don't Care                                                        ; On                 ; On                 ;
; Remove Redundant Logic Cells                                               ; Off                ; Off                ;
; Remove Duplicate Registers                                                 ; On                 ; On                 ;
; Ignore CARRY Buffers                                                       ; Off                ; Off                ;
; Ignore CASCADE Buffers                                                     ; Off                ; Off                ;
; Ignore GLOBAL Buffers                                                      ; Off                ; Off                ;
; Ignore ROW GLOBAL Buffers                                                  ; Off                ; Off                ;
; Ignore LCELL Buffers                                                       ; Off                ; Off                ;
; Ignore SOFT Buffers                                                        ; On                 ; On                 ;
; Limit AHDL Integers to 32 Bits                                             ; Off                ; Off                ;
; Optimization Technique                                                     ; Balanced           ; Balanced           ;
; Carry Chain Length                                                         ; 70                 ; 70                 ;
; Auto Carry Chains                                                          ; On                 ; On                 ;
; Auto Open-Drain Pins                                                       ; On                 ; On                 ;
; Perform WYSIWYG Primitive Resynthesis                                      ; Off                ; Off                ;
; Auto ROM Replacement                                                       ; On                 ; On                 ;
; Auto RAM Replacement                                                       ; On                 ; On                 ;
; Auto DSP Block Replacement                                                 ; On                 ; On                 ;
; Auto Shift Register Replacement                                            ; Auto               ; Auto               ;
; Allow Shift Register Merging across Hierarchies                            ; Auto               ; Auto               ;
; Auto Clock Enable Replacement                                              ; On                 ; On                 ;
; Strict RAM Replacement                                                     ; Off                ; Off                ;
; Allow Synchronous Control Signals                                          ; On                 ; On                 ;
; Force Use of Synchronous Clear Signals                                     ; Off                ; Off                ;
; Auto RAM Block Balancing                                                   ; On                 ; On                 ;
; Auto RAM to Logic Cell Conversion                                          ; Off                ; Off                ;
; Auto Resource Sharing                                                      ; Off                ; Off                ;
; Allow Any RAM Size For Recognition                                         ; Off                ; Off                ;
; Allow Any ROM Size For Recognition                                         ; Off                ; Off                ;
; Allow Any Shift Register Size For Recognition                              ; Off                ; Off                ;
; Use LogicLock Constraints during Resource Balancing                        ; On                 ; On                 ;
; Ignore translate_off and synthesis_off directives                          ; Off                ; Off                ;
; Timing-Driven Synthesis                                                    ; On                 ; On                 ;
; Report Parameter Settings                                                  ; On                 ; On                 ;
; Report Source Assignments                                                  ; On                 ; On                 ;
; Report Connectivity Checks                                                 ; On                 ; On                 ;
; Ignore Maximum Fan-Out Assignments                                         ; Off                ; Off                ;
; Synchronization Register Chain Length                                      ; 2                  ; 2                  ;
; PowerPlay Power Optimization                                               ; Normal compilation ; Normal compilation ;
; HDL message level                                                          ; Level2             ; Level2             ;
; Suppress Register Optimization Related Messages                            ; Off                ; Off                ;
; Number of Removed Registers Reported in Synthesis Report                   ; 5000               ; 5000               ;
; Number of Swept Nodes Reported in Synthesis Report                         ; 5000               ; 5000               ;
; Number of Inverted Registers Reported in Synthesis Report                  ; 100                ; 100                ;
; Clock MUX Protection                                                       ; On                 ; On                 ;
; Auto Gated Clock Conversion                                                ; Off                ; Off                ;
; Block Design Naming                                                        ; Auto               ; Auto               ;
; SDC constraint protection                                                  ; Off                ; Off                ;
; Synthesis Effort                                                           ; Auto               ; Auto               ;
; Shift Register Replacement - Allow Asynchronous Clear Signal               ; On                 ; On                 ;
; Pre-Mapping Resynthesis Optimization                                       ; Off                ; Off                ;
; Analysis & Synthesis Message Level                                         ; Medium             ; Medium             ;
; Disable Register Merging Across Hierarchies                                ; Auto               ; Auto               ;
; Resource Aware Inference For Block RAM                                     ; On                 ; On                 ;
; Synthesis Seed                                                             ; 1                  ; 1                  ;
+----------------------------------------------------------------------------+--------------------+--------------------+


Parallel compilation was disabled, but you have multiple processors available. Enable parallel compilation to reduce compilation time.
+-------------------------------------+
; Parallel Compilation                ;
+----------------------------+--------+
; Processors                 ; Number ;
+----------------------------+--------+
; Number detected on machine ; 16     ;
; Maximum allowed            ; 1      ;
+----------------------------+--------+


+---------------------------------------------------------------------------------------------------------------------------------------------------------------------------------------------------------------------------------------------------------------+
; Analysis & Synthesis IP Cores Summary                                                                                                                                                                                                                         ;
+--------+--------------+---------+--------------+--------------+------------------------------------+----------------------------------------------------------------------------------------------------------------------------------------------------------+
; Vendor ; IP Core Name ; Version ; Release Date ; License Type ; Entity Instance                    ; IP Include File                                                                                                                                          ;
+--------+--------------+---------+--------------+--------------+------------------------------------+----------------------------------------------------------------------------------------------------------------------------------------------------------+
; Altera ; RAM: 2-PORT  ; N/A     ; N/A          ; N/A          ; |RAMs_drive|RAMdevice_8:RAMdev_8   ; C:/Users/matez/OneDrive/Documentos/my-works/5to año/Taller de Sistemas Digitales/Repositorio/BandTBS/Procesador/procesor parts/RAMCore2/RAMdevice_8.vhd  ;
; Altera ; RAM: 2-PORT  ; N/A     ; N/A          ; N/A          ; |RAMs_drive|RAMdevice_16:RAMdev_16 ; C:/Users/matez/OneDrive/Documentos/my-works/5to año/Taller de Sistemas Digitales/Repositorio/BandTBS/Procesador/procesor parts/RAMCore2/RAMdevice_16.vhd ;
; Altera ; RAM: 2-PORT  ; N/A     ; N/A          ; N/A          ; |RAMs_drive|RAMdevice_32:RAMdev_32 ; C:/Users/matez/OneDrive/Documentos/my-works/5to año/Taller de Sistemas Digitales/Repositorio/BandTBS/Procesador/procesor parts/RAMCore2/RAMdevice_32.vhd ;
+--------+--------------+---------+--------------+--------------+------------------------------------+----------------------------------------------------------------------------------------------------------------------------------------------------------+


+--------------------------------------------------------------------------------------------------------------+
; Source assignments for RAMdevice_32:RAMdev_32|altsyncram:altsyncram_component|altsyncram_sup3:auto_generated ;
+---------------------------------+--------------------+------+------------------------------------------------+
; Assignment                      ; Value              ; From ; To                                             ;
+---------------------------------+--------------------+------+------------------------------------------------+
; OPTIMIZE_POWER_DURING_SYNTHESIS ; NORMAL_COMPILATION ; -    ; -                                              ;
+---------------------------------+--------------------+------+------------------------------------------------+


+--------------------------------------------------------------------------------------------------------------+
; Source assignments for RAMdevice_16:RAMdev_16|altsyncram:altsyncram_component|altsyncram_tup3:auto_generated ;
+---------------------------------+--------------------+------+------------------------------------------------+
; Assignment                      ; Value              ; From ; To                                             ;
+---------------------------------+--------------------+------+------------------------------------------------+
; OPTIMIZE_POWER_DURING_SYNTHESIS ; NORMAL_COMPILATION ; -    ; -                                              ;
+---------------------------------+--------------------+------+------------------------------------------------+


+------------------------------------------------------------------------------------------------------------+
; Source assignments for RAMdevice_8:RAMdev_8|altsyncram:altsyncram_component|altsyncram_iup3:auto_generated ;
+---------------------------------+--------------------+------+----------------------------------------------+
; Assignment                      ; Value              ; From ; To                                           ;
+---------------------------------+--------------------+------+----------------------------------------------+
; OPTIMIZE_POWER_DURING_SYNTHESIS ; NORMAL_COMPILATION ; -    ; -                                            ;
+---------------------------------+--------------------+------+----------------------------------------------+


+-----------------------------------------------------------------------------------------------------+
; Parameter Settings for User Entity Instance: RAMdevice_32:RAMdev_32|altsyncram:altsyncram_component ;
+------------------------------------+----------------------+-----------------------------------------+
; Parameter Name                     ; Value                ; Type                                    ;
+------------------------------------+----------------------+-----------------------------------------+
; BYTE_SIZE_BLOCK                    ; 8                    ; Untyped                                 ;
; AUTO_CARRY_CHAINS                  ; ON                   ; AUTO_CARRY                              ;
; IGNORE_CARRY_BUFFERS               ; OFF                  ; IGNORE_CARRY                            ;
; AUTO_CASCADE_CHAINS                ; ON                   ; AUTO_CASCADE                            ;
; IGNORE_CASCADE_BUFFERS             ; OFF                  ; IGNORE_CASCADE                          ;
; WIDTH_BYTEENA                      ; 1                    ; Untyped                                 ;
; OPERATION_MODE                     ; DUAL_PORT            ; Untyped                                 ;
; WIDTH_A                            ; 4                    ; Signed Integer                          ;
; WIDTHAD_A                          ; 16                   ; Signed Integer                          ;
; NUMWORDS_A                         ; 65536                ; Signed Integer                          ;
; OUTDATA_REG_A                      ; UNREGISTERED         ; Untyped                                 ;
; ADDRESS_ACLR_A                     ; NONE                 ; Untyped                                 ;
; OUTDATA_ACLR_A                     ; NONE                 ; Untyped                                 ;
; WRCONTROL_ACLR_A                   ; NONE                 ; Untyped                                 ;
; INDATA_ACLR_A                      ; NONE                 ; Untyped                                 ;
; BYTEENA_ACLR_A                     ; NONE                 ; Untyped                                 ;
; WIDTH_B                            ; 4                    ; Signed Integer                          ;
; WIDTHAD_B                          ; 16                   ; Signed Integer                          ;
; NUMWORDS_B                         ; 65536                ; Signed Integer                          ;
; INDATA_REG_B                       ; CLOCK1               ; Untyped                                 ;
; WRCONTROL_WRADDRESS_REG_B          ; CLOCK1               ; Untyped                                 ;
; RDCONTROL_REG_B                    ; CLOCK1               ; Untyped                                 ;
; ADDRESS_REG_B                      ; CLOCK1               ; Untyped                                 ;
; OUTDATA_REG_B                      ; CLOCK1               ; Untyped                                 ;
; BYTEENA_REG_B                      ; CLOCK1               ; Untyped                                 ;
; INDATA_ACLR_B                      ; NONE                 ; Untyped                                 ;
; WRCONTROL_ACLR_B                   ; NONE                 ; Untyped                                 ;
; ADDRESS_ACLR_B                     ; CLEAR1               ; Untyped                                 ;
; OUTDATA_ACLR_B                     ; CLEAR1               ; Untyped                                 ;
; RDCONTROL_ACLR_B                   ; NONE                 ; Untyped                                 ;
; BYTEENA_ACLR_B                     ; NONE                 ; Untyped                                 ;
; WIDTH_BYTEENA_A                    ; 1                    ; Signed Integer                          ;
; WIDTH_BYTEENA_B                    ; 1                    ; Signed Integer                          ;
; RAM_BLOCK_TYPE                     ; M9K                  ; Untyped                                 ;
; BYTE_SIZE                          ; 8                    ; Signed Integer                          ;
; READ_DURING_WRITE_MODE_MIXED_PORTS ; DONT_CARE            ; Untyped                                 ;
; READ_DURING_WRITE_MODE_PORT_A      ; NEW_DATA_NO_NBE_READ ; Untyped                                 ;
; READ_DURING_WRITE_MODE_PORT_B      ; NEW_DATA_NO_NBE_READ ; Untyped                                 ;
; INIT_FILE                          ; UNUSED               ; Untyped                                 ;
; INIT_FILE_LAYOUT                   ; PORT_A               ; Untyped                                 ;
; MAXIMUM_DEPTH                      ; 0                    ; Signed Integer                          ;
; CLOCK_ENABLE_INPUT_A               ; BYPASS               ; Untyped                                 ;
; CLOCK_ENABLE_INPUT_B               ; BYPASS               ; Untyped                                 ;
; CLOCK_ENABLE_OUTPUT_A              ; NORMAL               ; Untyped                                 ;
; CLOCK_ENABLE_OUTPUT_B              ; BYPASS               ; Untyped                                 ;
; CLOCK_ENABLE_CORE_A                ; USE_INPUT_CLKEN      ; Untyped                                 ;
; CLOCK_ENABLE_CORE_B                ; USE_INPUT_CLKEN      ; Untyped                                 ;
; ENABLE_ECC                         ; FALSE                ; Untyped                                 ;
; ECC_PIPELINE_STAGE_ENABLED         ; FALSE                ; Untyped                                 ;
; WIDTH_ECCSTATUS                    ; 3                    ; Signed Integer                          ;
; DEVICE_FAMILY                      ; Cyclone III          ; Untyped                                 ;
; CBXI_PARAMETER                     ; altsyncram_sup3      ; Untyped                                 ;
+------------------------------------+----------------------+-----------------------------------------+
Note: In order to hide this table in the UI and the text report file, please set the "Show Parameter Settings in Synthesis Report" option in "Analysis and Synthesis Settings -> More Settings" to "Off".


+-----------------------------------------------------------------------------------------------------+
; Parameter Settings for User Entity Instance: RAMdevice_16:RAMdev_16|altsyncram:altsyncram_component ;
+------------------------------------+----------------------+-----------------------------------------+
; Parameter Name                     ; Value                ; Type                                    ;
+------------------------------------+----------------------+-----------------------------------------+
; BYTE_SIZE_BLOCK                    ; 8                    ; Untyped                                 ;
; AUTO_CARRY_CHAINS                  ; ON                   ; AUTO_CARRY                              ;
; IGNORE_CARRY_BUFFERS               ; OFF                  ; IGNORE_CARRY                            ;
; AUTO_CASCADE_CHAINS                ; ON                   ; AUTO_CASCADE                            ;
; IGNORE_CASCADE_BUFFERS             ; OFF                  ; IGNORE_CASCADE                          ;
; WIDTH_BYTEENA                      ; 1                    ; Untyped                                 ;
; OPERATION_MODE                     ; DUAL_PORT            ; Untyped                                 ;
; WIDTH_A                            ; 4                    ; Signed Integer                          ;
; WIDTHAD_A                          ; 15                   ; Signed Integer                          ;
; NUMWORDS_A                         ; 32768                ; Signed Integer                          ;
; OUTDATA_REG_A                      ; UNREGISTERED         ; Untyped                                 ;
; ADDRESS_ACLR_A                     ; NONE                 ; Untyped                                 ;
; OUTDATA_ACLR_A                     ; NONE                 ; Untyped                                 ;
; WRCONTROL_ACLR_A                   ; NONE                 ; Untyped                                 ;
; INDATA_ACLR_A                      ; NONE                 ; Untyped                                 ;
; BYTEENA_ACLR_A                     ; NONE                 ; Untyped                                 ;
; WIDTH_B                            ; 4                    ; Signed Integer                          ;
; WIDTHAD_B                          ; 15                   ; Signed Integer                          ;
; NUMWORDS_B                         ; 32768                ; Signed Integer                          ;
; INDATA_REG_B                       ; CLOCK1               ; Untyped                                 ;
; WRCONTROL_WRADDRESS_REG_B          ; CLOCK1               ; Untyped                                 ;
; RDCONTROL_REG_B                    ; CLOCK1               ; Untyped                                 ;
; ADDRESS_REG_B                      ; CLOCK1               ; Untyped                                 ;
; OUTDATA_REG_B                      ; CLOCK1               ; Untyped                                 ;
; BYTEENA_REG_B                      ; CLOCK1               ; Untyped                                 ;
; INDATA_ACLR_B                      ; NONE                 ; Untyped                                 ;
; WRCONTROL_ACLR_B                   ; NONE                 ; Untyped                                 ;
; ADDRESS_ACLR_B                     ; CLEAR1               ; Untyped                                 ;
; OUTDATA_ACLR_B                     ; CLEAR1               ; Untyped                                 ;
; RDCONTROL_ACLR_B                   ; NONE                 ; Untyped                                 ;
; BYTEENA_ACLR_B                     ; NONE                 ; Untyped                                 ;
; WIDTH_BYTEENA_A                    ; 1                    ; Signed Integer                          ;
; WIDTH_BYTEENA_B                    ; 1                    ; Signed Integer                          ;
; RAM_BLOCK_TYPE                     ; M9K                  ; Untyped                                 ;
; BYTE_SIZE                          ; 8                    ; Signed Integer                          ;
; READ_DURING_WRITE_MODE_MIXED_PORTS ; DONT_CARE            ; Untyped                                 ;
; READ_DURING_WRITE_MODE_PORT_A      ; NEW_DATA_NO_NBE_READ ; Untyped                                 ;
; READ_DURING_WRITE_MODE_PORT_B      ; NEW_DATA_NO_NBE_READ ; Untyped                                 ;
; INIT_FILE                          ; UNUSED               ; Untyped                                 ;
; INIT_FILE_LAYOUT                   ; PORT_A               ; Untyped                                 ;
; MAXIMUM_DEPTH                      ; 0                    ; Signed Integer                          ;
; CLOCK_ENABLE_INPUT_A               ; BYPASS               ; Untyped                                 ;
; CLOCK_ENABLE_INPUT_B               ; BYPASS               ; Untyped                                 ;
; CLOCK_ENABLE_OUTPUT_A              ; NORMAL               ; Untyped                                 ;
; CLOCK_ENABLE_OUTPUT_B              ; BYPASS               ; Untyped                                 ;
; CLOCK_ENABLE_CORE_A                ; USE_INPUT_CLKEN      ; Untyped                                 ;
; CLOCK_ENABLE_CORE_B                ; USE_INPUT_CLKEN      ; Untyped                                 ;
; ENABLE_ECC                         ; FALSE                ; Untyped                                 ;
; ECC_PIPELINE_STAGE_ENABLED         ; FALSE                ; Untyped                                 ;
; WIDTH_ECCSTATUS                    ; 3                    ; Signed Integer                          ;
; DEVICE_FAMILY                      ; Cyclone III          ; Untyped                                 ;
; CBXI_PARAMETER                     ; altsyncram_tup3      ; Untyped                                 ;
+------------------------------------+----------------------+-----------------------------------------+
Note: In order to hide this table in the UI and the text report file, please set the "Show Parameter Settings in Synthesis Report" option in "Analysis and Synthesis Settings -> More Settings" to "Off".


+---------------------------------------------------------------------------------------------------+
; Parameter Settings for User Entity Instance: RAMdevice_8:RAMdev_8|altsyncram:altsyncram_component ;
+------------------------------------+----------------------+---------------------------------------+
; Parameter Name                     ; Value                ; Type                                  ;
+------------------------------------+----------------------+---------------------------------------+
; BYTE_SIZE_BLOCK                    ; 8                    ; Untyped                               ;
; AUTO_CARRY_CHAINS                  ; ON                   ; AUTO_CARRY                            ;
; IGNORE_CARRY_BUFFERS               ; OFF                  ; IGNORE_CARRY                          ;
; AUTO_CASCADE_CHAINS                ; ON                   ; AUTO_CASCADE                          ;
; IGNORE_CASCADE_BUFFERS             ; OFF                  ; IGNORE_CASCADE                        ;
; WIDTH_BYTEENA                      ; 1                    ; Untyped                               ;
; OPERATION_MODE                     ; DUAL_PORT            ; Untyped                               ;
; WIDTH_A                            ; 4                    ; Signed Integer                        ;
; WIDTHAD_A                          ; 14                   ; Signed Integer                        ;
; NUMWORDS_A                         ; 16384                ; Signed Integer                        ;
; OUTDATA_REG_A                      ; UNREGISTERED         ; Untyped                               ;
; ADDRESS_ACLR_A                     ; NONE                 ; Untyped                               ;
; OUTDATA_ACLR_A                     ; NONE                 ; Untyped                               ;
; WRCONTROL_ACLR_A                   ; NONE                 ; Untyped                               ;
; INDATA_ACLR_A                      ; NONE                 ; Untyped                               ;
; BYTEENA_ACLR_A                     ; NONE                 ; Untyped                               ;
; WIDTH_B                            ; 4                    ; Signed Integer                        ;
; WIDTHAD_B                          ; 14                   ; Signed Integer                        ;
; NUMWORDS_B                         ; 16384                ; Signed Integer                        ;
; INDATA_REG_B                       ; CLOCK1               ; Untyped                               ;
; WRCONTROL_WRADDRESS_REG_B          ; CLOCK1               ; Untyped                               ;
; RDCONTROL_REG_B                    ; CLOCK1               ; Untyped                               ;
; ADDRESS_REG_B                      ; CLOCK1               ; Untyped                               ;
; OUTDATA_REG_B                      ; CLOCK1               ; Untyped                               ;
; BYTEENA_REG_B                      ; CLOCK1               ; Untyped                               ;
; INDATA_ACLR_B                      ; NONE                 ; Untyped                               ;
; WRCONTROL_ACLR_B                   ; NONE                 ; Untyped                               ;
; ADDRESS_ACLR_B                     ; CLEAR1               ; Untyped                               ;
; OUTDATA_ACLR_B                     ; CLEAR1               ; Untyped                               ;
; RDCONTROL_ACLR_B                   ; NONE                 ; Untyped                               ;
; BYTEENA_ACLR_B                     ; NONE                 ; Untyped                               ;
; WIDTH_BYTEENA_A                    ; 1                    ; Signed Integer                        ;
; WIDTH_BYTEENA_B                    ; 1                    ; Signed Integer                        ;
; RAM_BLOCK_TYPE                     ; M9K                  ; Untyped                               ;
; BYTE_SIZE                          ; 8                    ; Signed Integer                        ;
; READ_DURING_WRITE_MODE_MIXED_PORTS ; DONT_CARE            ; Untyped                               ;
; READ_DURING_WRITE_MODE_PORT_A      ; NEW_DATA_NO_NBE_READ ; Untyped                               ;
; READ_DURING_WRITE_MODE_PORT_B      ; NEW_DATA_NO_NBE_READ ; Untyped                               ;
; INIT_FILE                          ; UNUSED               ; Untyped                               ;
; INIT_FILE_LAYOUT                   ; PORT_A               ; Untyped                               ;
; MAXIMUM_DEPTH                      ; 0                    ; Signed Integer                        ;
; CLOCK_ENABLE_INPUT_A               ; BYPASS               ; Untyped                               ;
; CLOCK_ENABLE_INPUT_B               ; BYPASS               ; Untyped                               ;
; CLOCK_ENABLE_OUTPUT_A              ; NORMAL               ; Untyped                               ;
; CLOCK_ENABLE_OUTPUT_B              ; BYPASS               ; Untyped                               ;
; CLOCK_ENABLE_CORE_A                ; USE_INPUT_CLKEN      ; Untyped                               ;
; CLOCK_ENABLE_CORE_B                ; USE_INPUT_CLKEN      ; Untyped                               ;
; ENABLE_ECC                         ; FALSE                ; Untyped                               ;
; ECC_PIPELINE_STAGE_ENABLED         ; FALSE                ; Untyped                               ;
; WIDTH_ECCSTATUS                    ; 3                    ; Signed Integer                        ;
; DEVICE_FAMILY                      ; Cyclone III          ; Untyped                               ;
; CBXI_PARAMETER                     ; altsyncram_iup3      ; Untyped                               ;
+------------------------------------+----------------------+---------------------------------------+
Note: In order to hide this table in the UI and the text report file, please set the "Show Parameter Settings in Synthesis Report" option in "Analysis and Synthesis Settings -> More Settings" to "Off".


+-------------------------------+
; Analysis & Synthesis Messages ;
+-------------------------------+
Info: *******************************************************************
Info: Running Quartus II 64-Bit Analysis & Synthesis
    Info: Version 13.1.0 Build 162 10/23/2013 SJ Web Edition
    Info: Processing started: Thu Jun 06 14:22:19 2024
Info: Command: quartus_map --read_settings_files=on --write_settings_files=off RAMCore2 -c RAMCore2
Warning (20028): Parallel compilation is not licensed and has been disabled
Info (12021): Found 2 design units, including 1 entities, in source file ramdevice_32.vhd
    Info (12022): Found design unit 1: ramdevice_32-SYN
    Info (12023): Found entity 1: RAMdevice_32
Info (12021): Found 2 design units, including 1 entities, in source file ramdevice_16.vhd
    Info (12022): Found design unit 1: ramdevice_16-SYN
    Info (12023): Found entity 1: RAMdevice_16
Info (12021): Found 2 design units, including 1 entities, in source file ramdevice_8.vhd
    Info (12022): Found design unit 1: ramdevice_8-SYN
    Info (12023): Found entity 1: RAMdevice_8
Info (12021): Found 2 design units, including 1 entities, in source file ramcore2.vhd
    Info (12022): Found design unit 1: RAMCore2-shape
    Info (12023): Found entity 1: RAMCore2
Info (12021): Found 2 design units, including 1 entities, in source file rams_drive.vhd
    Info (12022): Found design unit 1: RAMs_drive-shape
    Info (12023): Found entity 1: RAMs_drive
Info (12127): Elaborating entity "RAMs_drive" for the top level hierarchy
Warning (10541): VHDL Signal Declaration warning at RAMs_drive.vhd(72): used implicit default value for signal "writeDir_32" because signal was never assigned a value or an explicit default value. Use of implicit default value may introduce unintended design optimizations.
Warning (10541): VHDL Signal Declaration warning at RAMs_drive.vhd(73): used implicit default value for signal "readDir_32" because signal was never assigned a value or an explicit default value. Use of implicit default value may introduce unintended design optimizations.
Warning (10541): VHDL Signal Declaration warning at RAMs_drive.vhd(75): used implicit default value for signal "writeDir_16" because signal was never assigned a value or an explicit default value. Use of implicit default value may introduce unintended design optimizations.
Warning (10541): VHDL Signal Declaration warning at RAMs_drive.vhd(76): used implicit default value for signal "readDir_16" because signal was never assigned a value or an explicit default value. Use of implicit default value may introduce unintended design optimizations.
Warning (10541): VHDL Signal Declaration warning at RAMs_drive.vhd(78): used implicit default value for signal "writeDir_8" because signal was never assigned a value or an explicit default value. Use of implicit default value may introduce unintended design optimizations.
Warning (10541): VHDL Signal Declaration warning at RAMs_drive.vhd(79): used implicit default value for signal "readDir_8" because signal was never assigned a value or an explicit default value. Use of implicit default value may introduce unintended design optimizations.
Info (12128): Elaborating entity "RAMdevice_32" for hierarchy "RAMdevice_32:RAMdev_32"
Info (12128): Elaborating entity "altsyncram" for hierarchy "RAMdevice_32:RAMdev_32|altsyncram:altsyncram_component"
Info (12130): Elaborated megafunction instantiation "RAMdevice_32:RAMdev_32|altsyncram:altsyncram_component"
Info (12133): Instantiated megafunction "RAMdevice_32:RAMdev_32|altsyncram:altsyncram_component" with the following parameter:
    Info (12134): Parameter "address_aclr_a" = "UNUSED"
    Info (12134): Parameter "address_aclr_b" = "CLEAR1"
    Info (12134): Parameter "address_reg_b" = "CLOCK1"
    Info (12134): Parameter "byte_size" = "8"
    Info (12134): Parameter "byteena_aclr_a" = "UNUSED"
    Info (12134): Parameter "byteena_aclr_b" = "NONE"
    Info (12134): Parameter "byteena_reg_b" = "CLOCK1"
    Info (12134): Parameter "clock_enable_core_a" = "USE_INPUT_CLKEN"
    Info (12134): Parameter "clock_enable_core_b" = "USE_INPUT_CLKEN"
    Info (12134): Parameter "clock_enable_input_a" = "BYPASS"
    Info (12134): Parameter "clock_enable_input_b" = "BYPASS"
    Info (12134): Parameter "clock_enable_output_a" = "NORMAL"
    Info (12134): Parameter "clock_enable_output_b" = "BYPASS"
    Info (12134): Parameter "intended_device_family" = "Cyclone III"
    Info (12134): Parameter "ecc_pipeline_stage_enabled" = "FALSE"
    Info (12134): Parameter "enable_ecc" = "FALSE"
    Info (12134): Parameter "implement_in_les" = "OFF"
    Info (12134): Parameter "indata_aclr_a" = "UNUSED"
    Info (12134): Parameter "indata_aclr_b" = "NONE"
    Info (12134): Parameter "indata_reg_b" = "CLOCK1"
    Info (12134): Parameter "init_file" = "UNUSED"
    Info (12134): Parameter "init_file_layout" = "PORT_A"
    Info (12134): Parameter "maximum_depth" = "0"
    Info (12134): Parameter "numwords_a" = "65536"
    Info (12134): Parameter "numwords_b" = "65536"
    Info (12134): Parameter "operation_mode" = "DUAL_PORT"
    Info (12134): Parameter "outdata_aclr_a" = "NONE"
    Info (12134): Parameter "outdata_aclr_b" = "CLEAR1"
    Info (12134): Parameter "outdata_reg_a" = "UNREGISTERED"
    Info (12134): Parameter "outdata_reg_b" = "CLOCK1"
    Info (12134): Parameter "power_up_uninitialized" = "FALSE"
    Info (12134): Parameter "ram_block_type" = "M9K"
    Info (12134): Parameter "rdcontrol_aclr_b" = "NONE"
    Info (12134): Parameter "rdcontrol_reg_b" = "CLOCK1"
    Info (12134): Parameter "read_during_write_mode_mixed_ports" = "DONT_CARE"
    Info (12134): Parameter "read_during_write_mode_port_a" = "NEW_DATA_NO_NBE_READ"
    Info (12134): Parameter "read_during_write_mode_port_b" = "NEW_DATA_NO_NBE_READ"
    Info (12134): Parameter "stratixiv_m144k_allow_dual_clocks" = "ON"
    Info (12134): Parameter "width_a" = "4"
    Info (12134): Parameter "width_b" = "4"
    Info (12134): Parameter "width_byteena_a" = "1"
    Info (12134): Parameter "width_byteena_b" = "1"
    Info (12134): Parameter "width_eccstatus" = "3"
    Info (12134): Parameter "widthad_a" = "16"
    Info (12134): Parameter "widthad_b" = "16"
    Info (12134): Parameter "wrcontrol_aclr_a" = "UNUSED"
    Info (12134): Parameter "wrcontrol_aclr_b" = "NONE"
    Info (12134): Parameter "wrcontrol_wraddress_reg_b" = "CLOCK1"
    Info (12134): Parameter "lpm_hint" = "UNUSED"
    Info (12134): Parameter "lpm_type" = "altsyncram"
Info (12021): Found 1 design units, including 1 entities, in source file db/altsyncram_sup3.tdf
    Info (12023): Found entity 1: altsyncram_sup3
Info (12128): Elaborating entity "altsyncram_sup3" for hierarchy "RAMdevice_32:RAMdev_32|altsyncram:altsyncram_component|altsyncram_sup3:auto_generated"
Info (12021): Found 1 design units, including 1 entities, in source file db/decode_ira.tdf
    Info (12023): Found entity 1: decode_ira
Info (12128): Elaborating entity "decode_ira" for hierarchy "RAMdevice_32:RAMdev_32|altsyncram:altsyncram_component|altsyncram_sup3:auto_generated|decode_ira:decode2"
Info (12021): Found 1 design units, including 1 entities, in source file db/mux_ulb.tdf
    Info (12023): Found entity 1: mux_ulb
Info (12128): Elaborating entity "mux_ulb" for hierarchy "RAMdevice_32:RAMdev_32|altsyncram:altsyncram_component|altsyncram_sup3:auto_generated|mux_ulb:mux3"
Info (12128): Elaborating entity "RAMdevice_16" for hierarchy "RAMdevice_16:RAMdev_16"
Info (12128): Elaborating entity "altsyncram" for hierarchy "RAMdevice_16:RAMdev_16|altsyncram:altsyncram_component"
Info (12130): Elaborated megafunction instantiation "RAMdevice_16:RAMdev_16|altsyncram:altsyncram_component"
Info (12133): Instantiated megafunction "RAMdevice_16:RAMdev_16|altsyncram:altsyncram_component" with the following parameter:
    Info (12134): Parameter "address_aclr_a" = "UNUSED"
    Info (12134): Parameter "address_aclr_b" = "CLEAR1"
    Info (12134): Parameter "address_reg_b" = "CLOCK1"
    Info (12134): Parameter "byte_size" = "8"
    Info (12134): Parameter "byteena_aclr_a" = "UNUSED"
    Info (12134): Parameter "byteena_aclr_b" = "NONE"
    Info (12134): Parameter "byteena_reg_b" = "CLOCK1"
    Info (12134): Parameter "clock_enable_core_a" = "USE_INPUT_CLKEN"
    Info (12134): Parameter "clock_enable_core_b" = "USE_INPUT_CLKEN"
    Info (12134): Parameter "clock_enable_input_a" = "BYPASS"
    Info (12134): Parameter "clock_enable_input_b" = "BYPASS"
    Info (12134): Parameter "clock_enable_output_a" = "NORMAL"
    Info (12134): Parameter "clock_enable_output_b" = "BYPASS"
    Info (12134): Parameter "intended_device_family" = "Cyclone III"
    Info (12134): Parameter "ecc_pipeline_stage_enabled" = "FALSE"
    Info (12134): Parameter "enable_ecc" = "FALSE"
    Info (12134): Parameter "implement_in_les" = "OFF"
    Info (12134): Parameter "indata_aclr_a" = "UNUSED"
    Info (12134): Parameter "indata_aclr_b" = "NONE"
    Info (12134): Parameter "indata_reg_b" = "CLOCK1"
    Info (12134): Parameter "init_file" = "UNUSED"
    Info (12134): Parameter "init_file_layout" = "PORT_A"
    Info (12134): Parameter "maximum_depth" = "0"
    Info (12134): Parameter "numwords_a" = "32768"
    Info (12134): Parameter "numwords_b" = "32768"
    Info (12134): Parameter "operation_mode" = "DUAL_PORT"
    Info (12134): Parameter "outdata_aclr_a" = "NONE"
    Info (12134): Parameter "outdata_aclr_b" = "CLEAR1"
    Info (12134): Parameter "outdata_reg_a" = "UNREGISTERED"
    Info (12134): Parameter "outdata_reg_b" = "CLOCK1"
    Info (12134): Parameter "power_up_uninitialized" = "FALSE"
    Info (12134): Parameter "ram_block_type" = "M9K"
    Info (12134): Parameter "rdcontrol_aclr_b" = "NONE"
    Info (12134): Parameter "rdcontrol_reg_b" = "CLOCK1"
    Info (12134): Parameter "read_during_write_mode_mixed_ports" = "DONT_CARE"
    Info (12134): Parameter "read_during_write_mode_port_a" = "NEW_DATA_NO_NBE_READ"
    Info (12134): Parameter "read_during_write_mode_port_b" = "NEW_DATA_NO_NBE_READ"
    Info (12134): Parameter "stratixiv_m144k_allow_dual_clocks" = "ON"
    Info (12134): Parameter "width_a" = "4"
    Info (12134): Parameter "width_b" = "4"
    Info (12134): Parameter "width_byteena_a" = "1"
    Info (12134): Parameter "width_byteena_b" = "1"
    Info (12134): Parameter "width_eccstatus" = "3"
    Info (12134): Parameter "widthad_a" = "15"
    Info (12134): Parameter "widthad_b" = "15"
    Info (12134): Parameter "wrcontrol_aclr_a" = "UNUSED"
    Info (12134): Parameter "wrcontrol_aclr_b" = "NONE"
    Info (12134): Parameter "wrcontrol_wraddress_reg_b" = "CLOCK1"
    Info (12134): Parameter "lpm_hint" = "UNUSED"
    Info (12134): Parameter "lpm_type" = "altsyncram"
Info (12021): Found 1 design units, including 1 entities, in source file db/altsyncram_tup3.tdf
    Info (12023): Found entity 1: altsyncram_tup3
Info (12128): Elaborating entity "altsyncram_tup3" for hierarchy "RAMdevice_16:RAMdev_16|altsyncram:altsyncram_component|altsyncram_tup3:auto_generated"
Info (12021): Found 1 design units, including 1 entities, in source file db/decode_dra.tdf
    Info (12023): Found entity 1: decode_dra
Info (12128): Elaborating entity "decode_dra" for hierarchy "RAMdevice_16:RAMdev_16|altsyncram:altsyncram_component|altsyncram_tup3:auto_generated|decode_dra:decode2"
Info (12021): Found 1 design units, including 1 entities, in source file db/mux_plb.tdf
    Info (12023): Found entity 1: mux_plb
Info (12128): Elaborating entity "mux_plb" for hierarchy "RAMdevice_16:RAMdev_16|altsyncram:altsyncram_component|altsyncram_tup3:auto_generated|mux_plb:mux3"
Info (12128): Elaborating entity "RAMdevice_8" for hierarchy "RAMdevice_8:RAMdev_8"
Info (12128): Elaborating entity "altsyncram" for hierarchy "RAMdevice_8:RAMdev_8|altsyncram:altsyncram_component"
Info (12130): Elaborated megafunction instantiation "RAMdevice_8:RAMdev_8|altsyncram:altsyncram_component"
Info (12133): Instantiated megafunction "RAMdevice_8:RAMdev_8|altsyncram:altsyncram_component" with the following parameter:
    Info (12134): Parameter "address_aclr_a" = "UNUSED"
    Info (12134): Parameter "address_aclr_b" = "CLEAR1"
    Info (12134): Parameter "address_reg_b" = "CLOCK1"
    Info (12134): Parameter "byte_size" = "8"
    Info (12134): Parameter "byteena_aclr_a" = "UNUSED"
    Info (12134): Parameter "byteena_aclr_b" = "NONE"
    Info (12134): Parameter "byteena_reg_b" = "CLOCK1"
    Info (12134): Parameter "clock_enable_core_a" = "USE_INPUT_CLKEN"
    Info (12134): Parameter "clock_enable_core_b" = "USE_INPUT_CLKEN"
    Info (12134): Parameter "clock_enable_input_a" = "BYPASS"
    Info (12134): Parameter "clock_enable_input_b" = "BYPASS"
    Info (12134): Parameter "clock_enable_output_a" = "NORMAL"
    Info (12134): Parameter "clock_enable_output_b" = "BYPASS"
    Info (12134): Parameter "intended_device_family" = "Cyclone III"
    Info (12134): Parameter "ecc_pipeline_stage_enabled" = "FALSE"
    Info (12134): Parameter "enable_ecc" = "FALSE"
    Info (12134): Parameter "implement_in_les" = "OFF"
    Info (12134): Parameter "indata_aclr_a" = "UNUSED"
    Info (12134): Parameter "indata_aclr_b" = "NONE"
    Info (12134): Parameter "indata_reg_b" = "CLOCK1"
    Info (12134): Parameter "init_file" = "UNUSED"
    Info (12134): Parameter "init_file_layout" = "PORT_A"
    Info (12134): Parameter "maximum_depth" = "0"
    Info (12134): Parameter "numwords_a" = "16384"
    Info (12134): Parameter "numwords_b" = "16384"
    Info (12134): Parameter "operation_mode" = "DUAL_PORT"
    Info (12134): Parameter "outdata_aclr_a" = "NONE"
    Info (12134): Parameter "outdata_aclr_b" = "CLEAR1"
    Info (12134): Parameter "outdata_reg_a" = "UNREGISTERED"
    Info (12134): Parameter "outdata_reg_b" = "CLOCK1"
    Info (12134): Parameter "power_up_uninitialized" = "FALSE"
    Info (12134): Parameter "ram_block_type" = "M9K"
    Info (12134): Parameter "rdcontrol_aclr_b" = "NONE"
    Info (12134): Parameter "rdcontrol_reg_b" = "CLOCK1"
    Info (12134): Parameter "read_during_write_mode_mixed_ports" = "DONT_CARE"
    Info (12134): Parameter "read_during_write_mode_port_a" = "NEW_DATA_NO_NBE_READ"
    Info (12134): Parameter "read_during_write_mode_port_b" = "NEW_DATA_NO_NBE_READ"
    Info (12134): Parameter "stratixiv_m144k_allow_dual_clocks" = "ON"
    Info (12134): Parameter "width_a" = "4"
    Info (12134): Parameter "width_b" = "4"
    Info (12134): Parameter "width_byteena_a" = "1"
    Info (12134): Parameter "width_byteena_b" = "1"
    Info (12134): Parameter "width_eccstatus" = "3"
    Info (12134): Parameter "widthad_a" = "14"
    Info (12134): Parameter "widthad_b" = "14"
    Info (12134): Parameter "wrcontrol_aclr_a" = "UNUSED"
    Info (12134): Parameter "wrcontrol_aclr_b" = "NONE"
    Info (12134): Parameter "wrcontrol_wraddress_reg_b" = "CLOCK1"
    Info (12134): Parameter "lpm_hint" = "UNUSED"
    Info (12134): Parameter "lpm_type" = "altsyncram"
Info (12021): Found 1 design units, including 1 entities, in source file db/altsyncram_iup3.tdf
    Info (12023): Found entity 1: altsyncram_iup3
Info (12128): Elaborating entity "altsyncram_iup3" for hierarchy "RAMdevice_8:RAMdev_8|altsyncram:altsyncram_component|altsyncram_iup3:auto_generated"
Info (12021): Found 1 design units, including 1 entities, in source file db/decode_ara.tdf
    Info (12023): Found entity 1: decode_ara
Info (12128): Elaborating entity "decode_ara" for hierarchy "RAMdevice_8:RAMdev_8|altsyncram:altsyncram_component|altsyncram_iup3:auto_generated|decode_ara:decode2"
Info (12021): Found 1 design units, including 1 entities, in source file db/mux_mlb.tdf
    Info (12023): Found entity 1: mux_mlb
Info (12128): Elaborating entity "mux_mlb" for hierarchy "RAMdevice_8:RAMdev_8|altsyncram:altsyncram_component|altsyncram_iup3:auto_generated|mux_mlb:mux3"
Error (12014): Net "D_out[3]", which fans out to "D_out[3]", cannot be assigned more than one value File: C:/Users/matez/OneDrive/Documentos/my-works/5to año/Taller de Sistemas Digitales/Repositorio/BandTBS/Procesador/procesor parts/RAMCore2/RAMs_drive.vhd Line: 21
    Error (12015): Net is fed by "RAMdevice_32:RAMdev_32|q[3]" File: C:/Users/matez/OneDrive/Documentos/my-works/5to año/Taller de Sistemas Digitales/Repositorio/BandTBS/Procesador/procesor parts/RAMCore2/RAMdevice_32.vhd Line: 53
    Error (12015): Net is fed by "RAMdevice_16:RAMdev_16|q[3]" File: C:/Users/matez/OneDrive/Documentos/my-works/5to año/Taller de Sistemas Digitales/Repositorio/BandTBS/Procesador/procesor parts/RAMCore2/RAMdevice_16.vhd Line: 53
    Error (12015): Net is fed by "RAMdevice_8:RAMdev_8|q[3]" File: C:/Users/matez/OneDrive/Documentos/my-works/5to año/Taller de Sistemas Digitales/Repositorio/BandTBS/Procesador/procesor parts/RAMCore2/RAMdevice_8.vhd Line: 53
Error (12014): Net "D_out[2]", which fans out to "D_out[2]", cannot be assigned more than one value File: C:/Users/matez/OneDrive/Documentos/my-works/5to año/Taller de Sistemas Digitales/Repositorio/BandTBS/Procesador/procesor parts/RAMCore2/RAMs_drive.vhd Line: 21
    Error (12015): Net is fed by "RAMdevice_32:RAMdev_32|q[2]" File: C:/Users/matez/OneDrive/Documentos/my-works/5to año/Taller de Sistemas Digitales/Repositorio/BandTBS/Procesador/procesor parts/RAMCore2/RAMdevice_32.vhd Line: 53
    Error (12015): Net is fed by "RAMdevice_16:RAMdev_16|q[2]" File: C:/Users/matez/OneDrive/Documentos/my-works/5to año/Taller de Sistemas Digitales/Repositorio/BandTBS/Procesador/procesor parts/RAMCore2/RAMdevice_16.vhd Line: 53
    Error (12015): Net is fed by "RAMdevice_8:RAMdev_8|q[2]" File: C:/Users/matez/OneDrive/Documentos/my-works/5to año/Taller de Sistemas Digitales/Repositorio/BandTBS/Procesador/procesor parts/RAMCore2/RAMdevice_8.vhd Line: 53
Error (12014): Net "D_out[1]", which fans out to "D_out[1]", cannot be assigned more than one value File: C:/Users/matez/OneDrive/Documentos/my-works/5to año/Taller de Sistemas Digitales/Repositorio/BandTBS/Procesador/procesor parts/RAMCore2/RAMs_drive.vhd Line: 21
    Error (12015): Net is fed by "RAMdevice_32:RAMdev_32|q[1]" File: C:/Users/matez/OneDrive/Documentos/my-works/5to año/Taller de Sistemas Digitales/Repositorio/BandTBS/Procesador/procesor parts/RAMCore2/RAMdevice_32.vhd Line: 53
    Error (12015): Net is fed by "RAMdevice_16:RAMdev_16|q[1]" File: C:/Users/matez/OneDrive/Documentos/my-works/5to año/Taller de Sistemas Digitales/Repositorio/BandTBS/Procesador/procesor parts/RAMCore2/RAMdevice_16.vhd Line: 53
    Error (12015): Net is fed by "RAMdevice_8:RAMdev_8|q[1]" File: C:/Users/matez/OneDrive/Documentos/my-works/5to año/Taller de Sistemas Digitales/Repositorio/BandTBS/Procesador/procesor parts/RAMCore2/RAMdevice_8.vhd Line: 53
Error (12014): Net "D_out[0]", which fans out to "D_out[0]", cannot be assigned more than one value File: C:/Users/matez/OneDrive/Documentos/my-works/5to año/Taller de Sistemas Digitales/Repositorio/BandTBS/Procesador/procesor parts/RAMCore2/RAMs_drive.vhd Line: 21
    Error (12015): Net is fed by "RAMdevice_32:RAMdev_32|q[0]" File: C:/Users/matez/OneDrive/Documentos/my-works/5to año/Taller de Sistemas Digitales/Repositorio/BandTBS/Procesador/procesor parts/RAMCore2/RAMdevice_32.vhd Line: 53
    Error (12015): Net is fed by "RAMdevice_16:RAMdev_16|q[0]" File: C:/Users/matez/OneDrive/Documentos/my-works/5to año/Taller de Sistemas Digitales/Repositorio/BandTBS/Procesador/procesor parts/RAMCore2/RAMdevice_16.vhd Line: 53
    Error (12015): Net is fed by "RAMdevice_8:RAMdev_8|q[0]" File: C:/Users/matez/OneDrive/Documentos/my-works/5to año/Taller de Sistemas Digitales/Repositorio/BandTBS/Procesador/procesor parts/RAMCore2/RAMdevice_8.vhd Line: 53
Error: Quartus II 64-Bit Analysis & Synthesis was unsuccessful. 16 errors, 7 warnings
    Error: Peak virtual memory: 4668 megabytes
    Error: Processing ended: Thu Jun 06 14:22:22 2024
    Error: Elapsed time: 00:00:03
    Error: Total CPU time (on all processors): 00:00:02


