Removed Pin From Net: NetName=NetArduino Uno_2 Pin=P6-1
Removed Pin From Net: NetName=NetArduino Uno_3 Pin=P6-2
Removed Member From Class: ClassName=Sheet1 Member=P6
Added Component: Designator=P5(HDR1X3)
Add component (AddParameter): Name = "LatestRevisionDate"; Value = "17-Jul-2002"; VariantName = "[No Variations]"
Add component (AddParameter): Name = "LatestRevisionNote"; Value = "Re-released for DXP Platform."; VariantName = "[No Variations]"
Add component (AddParameter): Name = "Publisher"; Value = "Altium Limited"; VariantName = "[No Variations]"
Added Component: Designator=P7(HDR2X20)
Add component (AddParameter): Name = "LatestRevisionDate"; Value = "17-Jul-2002"; VariantName = "[No Variations]"
Add component (AddParameter): Name = "LatestRevisionNote"; Value = "Re-released for DXP Platform."; VariantName = "[No Variations]"
Add component (AddParameter): Name = "Publisher"; Value = "Altium Limited"; VariantName = "[No Variations]"
Added Component: Designator=P8(HDR2X20)
Add component (AddParameter): Name = "LatestRevisionDate"; Value = "17-Jul-2002"; VariantName = "[No Variations]"
Add component (AddParameter): Name = "LatestRevisionNote"; Value = "Re-released for DXP Platform."; VariantName = "[No Variations]"
Add component (AddParameter): Name = "Publisher"; Value = "Altium Limited"; VariantName = "[No Variations]"
Added Component: Designator=P9(HDR1X9)
Add component (AddParameter): Name = "LatestRevisionDate"; Value = "17-Jul-2002"; VariantName = "[No Variations]"
Add component (AddParameter): Name = "LatestRevisionNote"; Value = "Re-released for DXP Platform."; VariantName = "[No Variations]"
Add component (AddParameter): Name = "Publisher"; Value = "Altium Limited"; VariantName = "[No Variations]"
Added Component: Designator=P10(HDR1X3)
Add component (AddParameter): Name = "LatestRevisionDate"; Value = "17-Jul-2002"; VariantName = "[No Variations]"
Add component (AddParameter): Name = "LatestRevisionNote"; Value = "Re-released for DXP Platform."; VariantName = "[No Variations]"
Add component (AddParameter): Name = "Publisher"; Value = "Altium Limited"; VariantName = "[No Variations]"
Added Component: Designator=P11(HDR1X9)
Add component (AddParameter): Name = "LatestRevisionDate"; Value = "17-Jul-2002"; VariantName = "[No Variations]"
Add component (AddParameter): Name = "LatestRevisionNote"; Value = "Re-released for DXP Platform."; VariantName = "[No Variations]"
Add component (AddParameter): Name = "Publisher"; Value = "Altium Limited"; VariantName = "[No Variations]"
Added Component: Designator=R1(RES 0.25 W - 0.4 In)
Add component (AddParameter): Name = "Value"; Value = "10k"; VariantName = "[No Variations]"
Added Component: Designator=R2(RES 0.25 W - 0.4 In)
Add component (AddParameter): Name = "Value"; Value = "10k"; VariantName = "[No Variations]"
Added Pin To Net: NetName=NetArduino Uno_2 Pin=P5-1
Added Pin To Net: NetName=NetArduino Uno_3 Pin=P5-2
Added Pin To Net: NetName=NetP7_2 Pin=P7-2
Added Pin To Net: NetName=GND Pin=P7-12
Added Pin To Net: NetName=NetP7_29 Pin=P7-29
Added Pin To Net: NetName=NetP7_30 Pin=P7-30
Added Pin To Net: NetName=NetP8_2 Pin=P8-2
Added Pin To Net: NetName=NetP8_4 Pin=P8-4
Added Pin To Net: NetName=NetP8_5 Pin=P8-5
Added Pin To Net: NetName=NetP8_6 Pin=P8-6
Added Pin To Net: NetName=NetP8_7 Pin=P8-7
Added Pin To Net: NetName=NetP8_9 Pin=P8-9
Added Pin To Net: NetName=NetP8_13 Pin=P8-13
Added Pin To Net: NetName=NetP8_15 Pin=P8-15
Added Pin To Net: NetName=NetP7_2 Pin=P9-2
Added Pin To Net: NetName=NetP8_5 Pin=P9-3
Added Pin To Net: NetName=NetP8_7 Pin=P9-4
Added Pin To Net: NetName=NetP8_9 Pin=P9-5
Added Pin To Net: NetName=NetP8_13 Pin=P9-7
Added Pin To Net: NetName=NetP8_15 Pin=P9-8
Added Pin To Net: NetName=NetP8_2 Pin=P10-1
Added Pin To Net: NetName=NetP8_4 Pin=P10-2
Added Pin To Net: NetName=NetP8_6 Pin=P10-3
Added Pin To Net: NetName=NetP7_30 Pin=P11-1
Added Pin To Net: NetName=GND Pin=P11-9
Added Pin To Net: NetName=NetP7_2 Pin=R1-1
Added Pin To Net: NetName=NetP7_29 Pin=R2-2
Added Pin To Net: NetName=NetArduino Uno_4 Pin=Arduino Uno-4
Added Pin To Net: NetName=NetArduino Uno_4 Pin=P5-3
Added Net: Name=NetArduino Uno_4
Added Pin To Net: NetName=NetP7_20 Pin=P7-20
Added Pin To Net: NetName=NetP7_20 Pin=P11-4
Added Net: Name=NetP7_20
Added Pin To Net: NetName=NetP7_38 Pin=P7-38
Added Pin To Net: NetName=NetP7_38 Pin=P11-2
Added Pin To Net: NetName=NetP7_38 Pin=R2-1
Added Net: Name=NetP7_38
Added Pin To Net: NetName=NetP8_11 Pin=P8-11
Added Pin To Net: NetName=NetP8_11 Pin=P9-6
Added Net: Name=NetP8_11
Added Pin To Net: NetName=NetP8_29 Pin=P8-29
Added Pin To Net: NetName=NetP8_29 Pin=P9-1
Added Pin To Net: NetName=NetP8_29 Pin=P9-9
Added Pin To Net: NetName=NetP8_29 Pin=R1-2
Added Net: Name=NetP8_29
Added Pin To Net: NetName=NetP8_31 Pin=P8-31
Added Pin To Net: NetName=NetP8_31 Pin=P11-8
Added Net: Name=NetP8_31
Added Pin To Net: NetName=NetP8_33 Pin=P8-33
Added Pin To Net: NetName=NetP8_33 Pin=P11-7
Added Net: Name=NetP8_33
Added Pin To Net: NetName=NetP8_35 Pin=P8-35
Added Pin To Net: NetName=NetP8_35 Pin=P11-6
Added Net: Name=NetP8_35
Added Pin To Net: NetName=NetP8_37 Pin=P8-37
Added Pin To Net: NetName=NetP8_37 Pin=P11-5
Added Net: Name=NetP8_37
Added Pin To Net: NetName=NetP8_39 Pin=P8-39
Added Pin To Net: NetName=NetP8_39 Pin=P11-3
Added Net: Name=NetP8_39
Added Member To Class: ClassName=Sheet1 Member=Component P5 fpga
