Added Component: Designator=P1(HDR1X3)
Add component (AddParameter): Name = "LatestRevisionDate"; Value = "17-Jul-2002"; VariantName = "[No Variations]"
Add component (AddParameter): Name = "LatestRevisionNote"; Value = "Re-released for DXP Platform."; VariantName = "[No Variations]"
Add component (AddParameter): Name = "Publisher"; Value = "Altium Limited"; VariantName = "[No Variations]"
Added Component: Designator=P2(HDR1X3)
Add component (AddParameter): Name = "LatestRevisionDate"; Value = "17-Jul-2002"; VariantName = "[No Variations]"
Add component (AddParameter): Name = "LatestRevisionNote"; Value = "Re-released for DXP Platform."; VariantName = "[No Variations]"
Add component (AddParameter): Name = "Publisher"; Value = "Altium Limited"; VariantName = "[No Variations]"
Added Component: Designator=P3(HDR1X2)
Add component (AddParameter): Name = "LatestRevisionDate"; Value = "17-Jul-2002"; VariantName = "[No Variations]"
Add component (AddParameter): Name = "LatestRevisionNote"; Value = "Re-released for DXP Platform."; VariantName = "[No Variations]"
Add component (AddParameter): Name = "Publisher"; Value = "Altium Limited"; VariantName = "[No Variations]"
Added Pin To Net: NetName=NetArduino Uno_5 Pin=Arduino Uno-5
Added Pin To Net: NetName=NetArduino Uno_5 Pin=P2-2
Added Net: Name=NetArduino Uno_5
Added Pin To Net: NetName=NetArduino Uno_5V Pin=Arduino Uno-5V
Added Pin To Net: NetName=NetArduino Uno_5V Pin=P1-1
Added Pin To Net: NetName=NetArduino Uno_5V Pin=P2-1
Added Pin To Net: NetName=NetArduino Uno_5V Pin=P3-1
Added Net: Name=NetArduino Uno_5V
Added Pin To Net: NetName=NetArduino Uno_6 Pin=Arduino Uno-6
Added Pin To Net: NetName=NetArduino Uno_6 Pin=P1-2
Added Net: Name=NetArduino Uno_6
Added Pin To Net: NetName=NetArduino Uno_GND1 Pin=Arduino Uno-GND1
Added Pin To Net: NetName=NetArduino Uno_GND1 Pin=P1-3
Added Pin To Net: NetName=NetArduino Uno_GND1 Pin=P2-3
Added Pin To Net: NetName=NetArduino Uno_GND1 Pin=P3-2
Added Net: Name=NetArduino Uno_GND1
Added Member To Class: ClassName=Sheet1 Member=Component P1 Header 3
Added Member To Class: ClassName=Sheet1 Member=Component P2 Header 3
Added Member To Class: ClassName=Sheet1 Member=Component P3 Header 2
