Change Component Footprint: Designator=P10 Old Footprint=HDR1X2 New Footprint=HDR1X3
Change Component Comment : Designator=P10 Old Comment=MICRO New Comment=Header 3
Change Component Designator: OldDesignator=P7 GPIO0 NewDesignator=P7
Change Component Designator: OldDesignator=P8 GPIO1 NewDesignator=P8
Added Component: Designator=Arduino Uno(ARDUINO UNO)
Added Component: Designator=P1(HDR1X5)
Add component (AddParameter): Name = "LatestRevisionDate"; Value = "17-Jul-2002"; VariantName = "[No Variations]"
Add component (AddParameter): Name = "LatestRevisionNote"; Value = "Re-released for DXP Platform."; VariantName = "[No Variations]"
Add component (AddParameter): Name = "Publisher"; Value = "Altium Limited"; VariantName = "[No Variations]"
Added Component: Designator=P2(HDR1X3)
Add component (AddParameter): Name = "LatestRevisionDate"; Value = "17-Jul-2002"; VariantName = "[No Variations]"
Add component (AddParameter): Name = "LatestRevisionNote"; Value = "Re-released for DXP Platform."; VariantName = "[No Variations]"
Add component (AddParameter): Name = "Publisher"; Value = "Altium Limited"; VariantName = "[No Variations]"
Added Component: Designator=P3(HDR1X3)
Add component (AddParameter): Name = "LatestRevisionDate"; Value = "17-Jul-2002"; VariantName = "[No Variations]"
Add component (AddParameter): Name = "LatestRevisionNote"; Value = "Re-released for DXP Platform."; VariantName = "[No Variations]"
Add component (AddParameter): Name = "Publisher"; Value = "Altium Limited"; VariantName = "[No Variations]"
Added Component: Designator=P4(HDR1X2)
Add component (AddParameter): Name = "LatestRevisionDate"; Value = "17-Jul-2002"; VariantName = "[No Variations]"
Add component (AddParameter): Name = "LatestRevisionNote"; Value = "Re-released for DXP Platform."; VariantName = "[No Variations]"
Add component (AddParameter): Name = "Publisher"; Value = "Altium Limited"; VariantName = "[No Variations]"
Added Component: Designator=P5(HDR1X5)
Add component (AddParameter): Name = "LatestRevisionDate"; Value = "17-Jul-2002"; VariantName = "[No Variations]"
Add component (AddParameter): Name = "LatestRevisionNote"; Value = "Re-released for DXP Platform."; VariantName = "[No Variations]"
Add component (AddParameter): Name = "Publisher"; Value = "Altium Limited"; VariantName = "[No Variations]"
Added Component: Designator=P6(HDR1X2)
Add component (AddParameter): Name = "LatestRevisionDate"; Value = "17-Jul-2002"; VariantName = "[No Variations]"
Add component (AddParameter): Name = "LatestRevisionNote"; Value = "Re-released for DXP Platform."; VariantName = "[No Variations]"
Add component (AddParameter): Name = "Publisher"; Value = "Altium Limited"; VariantName = "[No Variations]"
Added Pin To Net: NetName=NetArduino Uno_2 Pin=Arduino Uno-2
Added Pin To Net: NetName=NetArduino Uno_3 Pin=Arduino Uno-3
Added Pin To Net: NetName=NetArduino Uno_5V Pin=Arduino Uno-5V
Added Pin To Net: NetName=NetArduino Uno_9 Pin=Arduino Uno-9
Added Pin To Net: NetName=NetArduino Uno_10 Pin=Arduino Uno-10
Added Pin To Net: NetName=NetArduino Uno_5V Pin=Arduino Uno-A0
Added Pin To Net: NetName=NetArduino Uno_A1 Pin=Arduino Uno-A1
Added Pin To Net: NetName=NetArduino Uno_A2 Pin=Arduino Uno-A2
Added Pin To Net: NetName=NetArduino Uno_A3 Pin=Arduino Uno-A3
Added Pin To Net: NetName=NetArduino Uno_A4 Pin=Arduino Uno-A4
Added Pin To Net: NetName=NetArduino Uno_A5 Pin=Arduino Uno-A5
Added Pin To Net: NetName=GND Pin=Arduino Uno-GND2
Added Pin To Net: NetName=NetArduino Uno_A2 Pin=P1-1
Added Pin To Net: NetName=NetArduino Uno_A1 Pin=P1-2
Added Pin To Net: NetName=NetArduino Uno_5V Pin=P1-3
Added Pin To Net: NetName=NetArduino Uno_5V Pin=P1-4
Added Pin To Net: NetName=GND Pin=P1-5
Added Pin To Net: NetName=NetArduino Uno_10 Pin=P2-1
Added Pin To Net: NetName=NetArduino Uno_5V Pin=P2-2
Added Pin To Net: NetName=GND Pin=P2-3
Added Pin To Net: NetName=NetArduino Uno_9 Pin=P3-1
Added Pin To Net: NetName=NetArduino Uno_5V Pin=P3-2
Added Pin To Net: NetName=GND Pin=P3-3
Added Pin To Net: NetName=NetArduino Uno_5V Pin=P4-1
Added Pin To Net: NetName=GND Pin=P4-2
Added Pin To Net: NetName=NetArduino Uno_A5 Pin=P5-1
Added Pin To Net: NetName=NetArduino Uno_A4 Pin=P5-2
Added Pin To Net: NetName=NetArduino Uno_A3 Pin=P5-3
Added Pin To Net: NetName=NetArduino Uno_5V Pin=P5-4
Added Pin To Net: NetName=GND Pin=P5-5
Added Pin To Net: NetName=NetArduino Uno_2 Pin=P6-1
Added Pin To Net: NetName=NetArduino Uno_3 Pin=P6-2
Add Pin To Net: Unknown Pin: Pin R1-1
Add Pin To Net: Unknown Pin: Pin R1-2
Add Pin To Net: Unknown Pin: Pin R2-1
Add Pin To Net: Unknown Pin: Pin R2-2
Added Pin To Net: NetName=NetP7_9 Pin=P7-9
Added Pin To Net: NetName=NetP7_9 Pin=P10-3
Added Net: Name=NetP7_9
Added Member To Class: ClassName=Sheet1 Member=Component Arduino Uno
Added Member To Class: ClassName=Sheet1 Member=Component P1 joystik1
Added Member To Class: ClassName=Sheet1 Member=Component P2 M2
Added Member To Class: ClassName=Sheet1 Member=Component P3 M1
Added Member To Class: ClassName=Sheet1 Member=Component P4 Fuente
Added Member To Class: ClassName=Sheet1 Member=Component P5 joystik2
Added Member To Class: ClassName=Sheet1 Member=Component P6 fpga
Added Member To Class: ClassName=Sheet2 Member=Component P7 GPIO0
Add Class Member: Failed to add class member : Component R1 Resistor
Add Class Member: Failed to add class member : Component R2 Resistor
