Added Component: Designator=Arduino Uno(ARDUINO UNO)
Added Component: Designator=P1(HDR1X5)
Add component (AddParameter): Name = "LatestRevisionDate"; Value = "17-Jul-2002"; VariantName = "[No Variations]"
Add component (AddParameter): Name = "LatestRevisionNote"; Value = "Re-released for DXP Platform."; VariantName = "[No Variations]"
Add component (AddParameter): Name = "Publisher"; Value = "Altium Limited"; VariantName = "[No Variations]"
Added Component: Designator=P2(HDR1X3)
Add component (AddParameter): Name = "LatestRevisionDate"; Value = "17-Jul-2002"; VariantName = "[No Variations]"
Add component (AddParameter): Name = "LatestRevisionNote"; Value = "Re-released for DXP Platform."; VariantName = "[No Variations]"
Add component (AddParameter): Name = "Publisher"; Value = "Altium Limited"; VariantName = "[No Variations]"
Added Component: Designator=P3(HDR1X3)
Add component (AddParameter): Name = "LatestRevisionDate"; Value = "17-Jul-2002"; VariantName = "[No Variations]"
Add component (AddParameter): Name = "LatestRevisionNote"; Value = "Re-released for DXP Platform."; VariantName = "[No Variations]"
Add component (AddParameter): Name = "Publisher"; Value = "Altium Limited"; VariantName = "[No Variations]"
Added Component: Designator=P4(HDR1X2)
Add component (AddParameter): Name = "LatestRevisionDate"; Value = "17-Jul-2002"; VariantName = "[No Variations]"
Add component (AddParameter): Name = "LatestRevisionNote"; Value = "Re-released for DXP Platform."; VariantName = "[No Variations]"
Add component (AddParameter): Name = "Publisher"; Value = "Altium Limited"; VariantName = "[No Variations]"
Added Component: Designator=P5(HDR1X5)
Add component (AddParameter): Name = "LatestRevisionDate"; Value = "17-Jul-2002"; VariantName = "[No Variations]"
Add component (AddParameter): Name = "LatestRevisionNote"; Value = "Re-released for DXP Platform."; VariantName = "[No Variations]"
Add component (AddParameter): Name = "Publisher"; Value = "Altium Limited"; VariantName = "[No Variations]"
Added Component: Designator=P6(HDR1X2)
Add component (AddParameter): Name = "LatestRevisionDate"; Value = "17-Jul-2002"; VariantName = "[No Variations]"
Add component (AddParameter): Name = "LatestRevisionNote"; Value = "Re-released for DXP Platform."; VariantName = "[No Variations]"
Add component (AddParameter): Name = "Publisher"; Value = "Altium Limited"; VariantName = "[No Variations]"
Added Component: Designator=P7(HDR2X20)
Add component (AddParameter): Name = "LatestRevisionDate"; Value = "17-Jul-2002"; VariantName = "[No Variations]"
Add component (AddParameter): Name = "LatestRevisionNote"; Value = "Re-released for DXP Platform."; VariantName = "[No Variations]"
Add component (AddParameter): Name = "Publisher"; Value = "Altium Limited"; VariantName = "[No Variations]"
Added Component: Designator=P8(HDR2X20)
Add component (AddParameter): Name = "LatestRevisionDate"; Value = "17-Jul-2002"; VariantName = "[No Variations]"
Add component (AddParameter): Name = "LatestRevisionNote"; Value = "Re-released for DXP Platform."; VariantName = "[No Variations]"
Add component (AddParameter): Name = "Publisher"; Value = "Altium Limited"; VariantName = "[No Variations]"
Added Component: Designator=P9(HDR2X9)
Add component (AddParameter): Name = "LatestRevisionDate"; Value = "17-Jul-2002"; VariantName = "[No Variations]"
Add component (AddParameter): Name = "LatestRevisionNote"; Value = "Re-released for DXP Platform."; VariantName = "[No Variations]"
Add component (AddParameter): Name = "Publisher"; Value = "Altium Limited"; VariantName = "[No Variations]"
Added Component: Designator=P10(HDR1X2)
Add component (AddParameter): Name = "LatestRevisionDate"; Value = "17-Jul-2002"; VariantName = "[No Variations]"
Add component (AddParameter): Name = "LatestRevisionNote"; Value = "Re-released for DXP Platform."; VariantName = "[No Variations]"
Add component (AddParameter): Name = "Publisher"; Value = "Altium Limited"; VariantName = "[No Variations]"
Added Pin To Net: NetName=GND Pin=Arduino Uno-GND2
Added Pin To Net: NetName=GND Pin=P1-5
Added Pin To Net: NetName=GND Pin=P2-3
Added Pin To Net: NetName=GND Pin=P3-3
Added Pin To Net: NetName=GND Pin=P4-2
Added Pin To Net: NetName=GND Pin=P5-5
Added Net: Name=GND
Added Pin To Net: NetName=NetArduino Uno_2 Pin=Arduino Uno-2
Added Pin To Net: NetName=NetArduino Uno_2 Pin=P6-1
Added Net: Name=NetArduino Uno_2
Added Pin To Net: NetName=NetArduino Uno_3 Pin=Arduino Uno-3
Added Pin To Net: NetName=NetArduino Uno_3 Pin=P6-2
Added Net: Name=NetArduino Uno_3
Added Pin To Net: NetName=NetArduino Uno_5V Pin=Arduino Uno-5V
Added Pin To Net: NetName=NetArduino Uno_5V Pin=Arduino Uno-A0
Added Pin To Net: NetName=NetArduino Uno_5V Pin=P1-3
Added Pin To Net: NetName=NetArduino Uno_5V Pin=P1-4
Added Pin To Net: NetName=NetArduino Uno_5V Pin=P2-2
Added Pin To Net: NetName=NetArduino Uno_5V Pin=P3-2
Added Pin To Net: NetName=NetArduino Uno_5V Pin=P4-1
Added Pin To Net: NetName=NetArduino Uno_5V Pin=P5-4
Added Net: Name=NetArduino Uno_5V
Added Pin To Net: NetName=NetArduino Uno_9 Pin=Arduino Uno-9
Added Pin To Net: NetName=NetArduino Uno_9 Pin=P3-1
Added Net: Name=NetArduino Uno_9
Added Pin To Net: NetName=NetArduino Uno_10 Pin=Arduino Uno-10
Added Pin To Net: NetName=NetArduino Uno_10 Pin=P2-1
Added Net: Name=NetArduino Uno_10
Added Pin To Net: NetName=NetArduino Uno_A1 Pin=Arduino Uno-A1
Added Pin To Net: NetName=NetArduino Uno_A1 Pin=P1-2
Added Net: Name=NetArduino Uno_A1
Added Pin To Net: NetName=NetArduino Uno_A2 Pin=Arduino Uno-A2
Added Pin To Net: NetName=NetArduino Uno_A2 Pin=P1-1
Added Net: Name=NetArduino Uno_A2
Added Pin To Net: NetName=NetArduino Uno_A3 Pin=Arduino Uno-A3
Added Pin To Net: NetName=NetArduino Uno_A3 Pin=P5-3
Added Net: Name=NetArduino Uno_A3
Added Pin To Net: NetName=NetArduino Uno_A4 Pin=Arduino Uno-A4
Added Pin To Net: NetName=NetArduino Uno_A4 Pin=P5-2
Added Net: Name=NetArduino Uno_A4
Added Pin To Net: NetName=NetArduino Uno_A5 Pin=Arduino Uno-A5
Added Pin To Net: NetName=NetArduino Uno_A5 Pin=P5-1
Added Net: Name=NetArduino Uno_A5
Added Pin To Net: NetName=NetP7_2 Pin=P7-2
Added Pin To Net: NetName=NetP7_2 Pin=P9-11
Added Net: Name=NetP7_2
Added Pin To Net: NetName=NetP7_4 Pin=P7-4
Added Pin To Net: NetName=NetP7_4 Pin=P9-13
Added Net: Name=NetP7_4
Added Pin To Net: NetName=NetP7_5 Pin=P7-5
Added Pin To Net: NetName=NetP7_5 Pin=P9-9
Added Net: Name=NetP7_5
Added Pin To Net: NetName=NetP7_6 Pin=P7-6
Added Pin To Net: NetName=NetP7_6 Pin=P10-1
Added Net: Name=NetP7_6
Added Pin To Net: NetName=NetP7_7 Pin=P7-7
Added Pin To Net: NetName=NetP7_7 Pin=P10-2
Added Net: Name=NetP7_7
Added Pin To Net: NetName=NetP7_29 Pin=P7-29
Added Pin To Net: NetName=NetP7_29 Pin=P9-17
Added Pin To Net: NetName=NetP7_29 Pin=P9-18
Added Net: Name=NetP7_29
Added Pin To Net: NetName=NetP7_30 Pin=P7-30
Added Pin To Net: NetName=NetP7_30 Pin=P9-1
Added Pin To Net: NetName=NetP7_30 Pin=P9-15
Added Net: Name=NetP7_30
Added Pin To Net: NetName=NetP8_2 Pin=P8-2
Added Pin To Net: NetName=NetP8_2 Pin=P9-2
Added Net: Name=NetP8_2
Added Pin To Net: NetName=NetP8_4 Pin=P8-4
Added Pin To Net: NetName=NetP8_4 Pin=P9-4
Added Net: Name=NetP8_4
Added Pin To Net: NetName=NetP8_5 Pin=P8-5
Added Pin To Net: NetName=NetP8_5 Pin=P9-6
Added Net: Name=NetP8_5
Added Pin To Net: NetName=NetP8_6 Pin=P8-6
Added Pin To Net: NetName=NetP8_6 Pin=P9-8
Added Net: Name=NetP8_6
Added Pin To Net: NetName=NetP8_7 Pin=P8-7
Added Pin To Net: NetName=NetP8_7 Pin=P9-10
Added Net: Name=NetP8_7
Added Pin To Net: NetName=NetP8_8 Pin=P8-8
Added Pin To Net: NetName=NetP8_8 Pin=P9-12
Added Net: Name=NetP8_8
Added Pin To Net: NetName=NetP8_9 Pin=P8-9
Added Pin To Net: NetName=NetP8_9 Pin=P9-14
Added Net: Name=NetP8_9
Added Pin To Net: NetName=NetP8_10 Pin=P8-10
Added Pin To Net: NetName=NetP8_10 Pin=P9-16
Added Net: Name=NetP8_10
Added Pin To Net: NetName=NetP8_13 Pin=P8-13
Added Pin To Net: NetName=NetP8_13 Pin=P9-7
Added Net: Name=NetP8_13
Added Pin To Net: NetName=NetP8_14 Pin=P8-14
Added Pin To Net: NetName=NetP8_14 Pin=P9-5
Added Net: Name=NetP8_14
Added Pin To Net: NetName=NetP8_15 Pin=P8-15
Added Pin To Net: NetName=NetP8_15 Pin=P9-3
Added Net: Name=NetP8_15
Added Class: Name=Sheet1
Added Class: Name=Sheet2
