Added Component: Designator=Arduino Uno(ARDUINO UNO)
Added Component: Designator=C1(CAP ELEC 10x16x5)
Add component (AddParameter): Name = "Value"; Value = "100u"; VariantName = "[No Variations]"
Added Component: Designator=C2(Capacitor ceramico 0.2 inch pitch)
Add component (AddParameter): Name = "Value"; Value = "10n"; VariantName = "[No Variations]"
Added Component: Designator=P1(HDR1X5)
Add component (AddParameter): Name = "LatestRevisionDate"; Value = "17-Jul-2002"; VariantName = "[No Variations]"
Add component (AddParameter): Name = "LatestRevisionNote"; Value = "Re-released for DXP Platform."; VariantName = "[No Variations]"
Add component (AddParameter): Name = "Publisher"; Value = "Altium Limited"; VariantName = "[No Variations]"
Added Component: Designator=P2(HDR1X3)
Add component (AddParameter): Name = "LatestRevisionDate"; Value = "17-Jul-2002"; VariantName = "[No Variations]"
Add component (AddParameter): Name = "LatestRevisionNote"; Value = "Re-released for DXP Platform."; VariantName = "[No Variations]"
Add component (AddParameter): Name = "Publisher"; Value = "Altium Limited"; VariantName = "[No Variations]"
Added Component: Designator=P3(HDR1X3)
Add component (AddParameter): Name = "LatestRevisionDate"; Value = "17-Jul-2002"; VariantName = "[No Variations]"
Add component (AddParameter): Name = "LatestRevisionNote"; Value = "Re-released for DXP Platform."; VariantName = "[No Variations]"
Add component (AddParameter): Name = "Publisher"; Value = "Altium Limited"; VariantName = "[No Variations]"
Added Component: Designator=P4(HDR1X2)
Add component (AddParameter): Name = "LatestRevisionDate"; Value = "17-Jul-2002"; VariantName = "[No Variations]"
Add component (AddParameter): Name = "LatestRevisionNote"; Value = "Re-released for DXP Platform."; VariantName = "[No Variations]"
Add component (AddParameter): Name = "Publisher"; Value = "Altium Limited"; VariantName = "[No Variations]"
Added Component: Designator=P5(HDR1X3)
Add component (AddParameter): Name = "LatestRevisionDate"; Value = "17-Jul-2002"; VariantName = "[No Variations]"
Add component (AddParameter): Name = "LatestRevisionNote"; Value = "Re-released for DXP Platform."; VariantName = "[No Variations]"
Add component (AddParameter): Name = "Publisher"; Value = "Altium Limited"; VariantName = "[No Variations]"
Added Pin To Net: NetName=NetArduino Uno_2 Pin=Arduino Uno-2
Added Pin To Net: NetName=NetArduino Uno_3 Pin=Arduino Uno-3
Added Pin To Net: NetName=NetArduino Uno_4 Pin=Arduino Uno-4
Added Pin To Net: NetName=NetArduino Uno_5V Pin=Arduino Uno-5V
Added Pin To Net: NetName=NetArduino Uno_9 Pin=Arduino Uno-9
Added Pin To Net: NetName=NetArduino Uno_10 Pin=Arduino Uno-10
Added Pin To Net: NetName=NetArduino Uno_A0 Pin=Arduino Uno-A0
Added Pin To Net: NetName=NetArduino Uno_A1 Pin=Arduino Uno-A1
Added Pin To Net: NetName=NetArduino Uno_A2 Pin=Arduino Uno-A2
Added Pin To Net: NetName=GND Pin=Arduino Uno-GND1
Added Pin To Net: NetName=GND Pin=Arduino Uno-GND2
Added Pin To Net: NetName=NetC1_1 Pin=C1-1
Added Pin To Net: NetName=GND Pin=C1-2
Added Pin To Net: NetName=GND Pin=C2-1
Added Pin To Net: NetName=NetC1_1 Pin=C2-2
Added Pin To Net: NetName=NetArduino Uno_A2 Pin=P1-1
Added Pin To Net: NetName=NetArduino Uno_A1 Pin=P1-2
Added Pin To Net: NetName=NetArduino Uno_A0 Pin=P1-3
Added Pin To Net: NetName=NetArduino Uno_5V Pin=P1-4
Added Pin To Net: NetName=GND Pin=P1-5
Added Pin To Net: NetName=NetArduino Uno_10 Pin=P2-1
Added Pin To Net: NetName=NetC1_1 Pin=P2-2
Added Pin To Net: NetName=GND Pin=P2-3
Added Pin To Net: NetName=NetArduino Uno_9 Pin=P3-1
Added Pin To Net: NetName=NetC1_1 Pin=P3-2
Added Pin To Net: NetName=GND Pin=P3-3
Added Pin To Net: NetName=NetC1_1 Pin=P4-1
Added Pin To Net: NetName=GND Pin=P4-2
Added Pin To Net: NetName=NetArduino Uno_2 Pin=P5-1
Added Pin To Net: NetName=NetArduino Uno_3 Pin=P5-2
Added Pin To Net: NetName=NetArduino Uno_4 Pin=P5-3
Added Pin To Net: NetName=GND Pin=P7-12
Added Pin To Net: NetName=GND Pin=P7-30
Added Member To Class: ClassName=Sheet1 Member=Component Arduino Uno
Added Member To Class: ClassName=Sheet1 Member=Component C1 Capacitor polarizado
Added Member To Class: ClassName=Sheet1 Member=Component C2 Capacitor no polarizado
Added Member To Class: ClassName=Sheet1 Member=Component P1 joystik1
Added Member To Class: ClassName=Sheet1 Member=Component P2 M2
Added Member To Class: ClassName=Sheet1 Member=Component P3 M1
Added Member To Class: ClassName=Sheet1 Member=Component P4 Fuente
Added Member To Class: ClassName=Sheet1 Member=Component P5 fpga
