Analysis & Synthesis report for SCCBdrive
Fri May 03 18:17:40 2024
Quartus II 64-Bit Version 13.1.0 Build 162 10/23/2013 SJ Web Edition


---------------------
; Table of Contents ;
---------------------
  1. Legal Notice
  2. Analysis & Synthesis Summary
  3. Analysis & Synthesis Settings
  4. Parallel Compilation
  5. Analysis & Synthesis Source Files Read
  6. Analysis & Synthesis Resource Usage Summary
  7. Analysis & Synthesis Resource Utilization by Entity
  8. Registers Removed During Synthesis
  9. General Register Statistics
 10. Port Connectivity Checks: "P2Sreg:REGS"
 11. Elapsed Time Per Partition
 12. Analysis & Synthesis Messages



----------------
; Legal Notice ;
----------------
Copyright (C) 1991-2013 Altera Corporation
Your use of Altera Corporation's design tools, logic functions 
and other software and tools, and its AMPP partner logic 
functions, and any output files from any of the foregoing 
(including device programming or simulation files), and any 
associated documentation or information are expressly subject 
to the terms and conditions of the Altera Program License 
Subscription Agreement, Altera MegaCore Function License 
Agreement, or other applicable license agreement, including, 
without limitation, that your use is for the sole purpose of 
programming logic devices manufactured by Altera and sold by 
Altera or its authorized distributors.  Please refer to the 
applicable agreement for further details.



+---------------------------------------------------------------------------------+
; Analysis & Synthesis Summary                                                    ;
+------------------------------------+--------------------------------------------+
; Analysis & Synthesis Status        ; Successful - Fri May 03 18:17:40 2024      ;
; Quartus II 64-Bit Version          ; 13.1.0 Build 162 10/23/2013 SJ Web Edition ;
; Revision Name                      ; SCCBdrive                                  ;
; Top-level Entity Name              ; SCCBdrive                                  ;
; Family                             ; Cyclone III                                ;
; Total logic elements               ; 69                                         ;
;     Total combinational functions  ; 65                                         ;
;     Dedicated logic registers      ; 64                                         ;
; Total registers                    ; 64                                         ;
; Total pins                         ; 5                                          ;
; Total virtual pins                 ; 0                                          ;
; Total memory bits                  ; 0                                          ;
; Embedded Multiplier 9-bit elements ; 0                                          ;
; Total PLLs                         ; 0                                          ;
+------------------------------------+--------------------------------------------+


+----------------------------------------------------------------------------------------------------------------------+
; Analysis & Synthesis Settings                                                                                        ;
+----------------------------------------------------------------------------+--------------------+--------------------+
; Option                                                                     ; Setting            ; Default Value      ;
+----------------------------------------------------------------------------+--------------------+--------------------+
; Device                                                                     ; EP3C16F484C6       ;                    ;
; Top-level entity name                                                      ; SCCBdrive          ; SCCBdrive          ;
; Family name                                                                ; Cyclone III        ; Cyclone IV GX      ;
; Use smart compilation                                                      ; Off                ; Off                ;
; Enable parallel Assembler and TimeQuest Timing Analyzer during compilation ; On                 ; On                 ;
; Enable compact report table                                                ; Off                ; Off                ;
; Restructure Multiplexers                                                   ; Auto               ; Auto               ;
; Create Debugging Nodes for IP Cores                                        ; Off                ; Off                ;
; Preserve fewer node names                                                  ; On                 ; On                 ;
; Disable OpenCore Plus hardware evaluation                                  ; Off                ; Off                ;
; Verilog Version                                                            ; Verilog_2001       ; Verilog_2001       ;
; VHDL Version                                                               ; VHDL_1993          ; VHDL_1993          ;
; State Machine Processing                                                   ; Auto               ; Auto               ;
; Safe State Machine                                                         ; Off                ; Off                ;
; Extract Verilog State Machines                                             ; On                 ; On                 ;
; Extract VHDL State Machines                                                ; On                 ; On                 ;
; Ignore Verilog initial constructs                                          ; Off                ; Off                ;
; Iteration limit for constant Verilog loops                                 ; 5000               ; 5000               ;
; Iteration limit for non-constant Verilog loops                             ; 250                ; 250                ;
; Add Pass-Through Logic to Inferred RAMs                                    ; On                 ; On                 ;
; Infer RAMs from Raw Logic                                                  ; On                 ; On                 ;
; Parallel Synthesis                                                         ; On                 ; On                 ;
; DSP Block Balancing                                                        ; Auto               ; Auto               ;
; NOT Gate Push-Back                                                         ; On                 ; On                 ;
; Power-Up Don't Care                                                        ; On                 ; On                 ;
; Remove Redundant Logic Cells                                               ; Off                ; Off                ;
; Remove Duplicate Registers                                                 ; On                 ; On                 ;
; Ignore CARRY Buffers                                                       ; Off                ; Off                ;
; Ignore CASCADE Buffers                                                     ; Off                ; Off                ;
; Ignore GLOBAL Buffers                                                      ; Off                ; Off                ;
; Ignore ROW GLOBAL Buffers                                                  ; Off                ; Off                ;
; Ignore LCELL Buffers                                                       ; Off                ; Off                ;
; Ignore SOFT Buffers                                                        ; On                 ; On                 ;
; Limit AHDL Integers to 32 Bits                                             ; Off                ; Off                ;
; Optimization Technique                                                     ; Balanced           ; Balanced           ;
; Carry Chain Length                                                         ; 70                 ; 70                 ;
; Auto Carry Chains                                                          ; On                 ; On                 ;
; Auto Open-Drain Pins                                                       ; On                 ; On                 ;
; Perform WYSIWYG Primitive Resynthesis                                      ; Off                ; Off                ;
; Auto ROM Replacement                                                       ; On                 ; On                 ;
; Auto RAM Replacement                                                       ; On                 ; On                 ;
; Auto DSP Block Replacement                                                 ; On                 ; On                 ;
; Auto Shift Register Replacement                                            ; Auto               ; Auto               ;
; Allow Shift Register Merging across Hierarchies                            ; Auto               ; Auto               ;
; Auto Clock Enable Replacement                                              ; On                 ; On                 ;
; Strict RAM Replacement                                                     ; Off                ; Off                ;
; Allow Synchronous Control Signals                                          ; On                 ; On                 ;
; Force Use of Synchronous Clear Signals                                     ; Off                ; Off                ;
; Auto RAM Block Balancing                                                   ; On                 ; On                 ;
; Auto RAM to Logic Cell Conversion                                          ; Off                ; Off                ;
; Auto Resource Sharing                                                      ; Off                ; Off                ;
; Allow Any RAM Size For Recognition                                         ; Off                ; Off                ;
; Allow Any ROM Size For Recognition                                         ; Off                ; Off                ;
; Allow Any Shift Register Size For Recognition                              ; Off                ; Off                ;
; Use LogicLock Constraints during Resource Balancing                        ; On                 ; On                 ;
; Ignore translate_off and synthesis_off directives                          ; Off                ; Off                ;
; Timing-Driven Synthesis                                                    ; On                 ; On                 ;
; Report Parameter Settings                                                  ; On                 ; On                 ;
; Report Source Assignments                                                  ; On                 ; On                 ;
; Report Connectivity Checks                                                 ; On                 ; On                 ;
; Ignore Maximum Fan-Out Assignments                                         ; Off                ; Off                ;
; Synchronization Register Chain Length                                      ; 2                  ; 2                  ;
; PowerPlay Power Optimization                                               ; Normal compilation ; Normal compilation ;
; HDL message level                                                          ; Level2             ; Level2             ;
; Suppress Register Optimization Related Messages                            ; Off                ; Off                ;
; Number of Removed Registers Reported in Synthesis Report                   ; 5000               ; 5000               ;
; Number of Swept Nodes Reported in Synthesis Report                         ; 5000               ; 5000               ;
; Number of Inverted Registers Reported in Synthesis Report                  ; 100                ; 100                ;
; Clock MUX Protection                                                       ; On                 ; On                 ;
; Auto Gated Clock Conversion                                                ; Off                ; Off                ;
; Block Design Naming                                                        ; Auto               ; Auto               ;
; SDC constraint protection                                                  ; Off                ; Off                ;
; Synthesis Effort                                                           ; Auto               ; Auto               ;
; Shift Register Replacement - Allow Asynchronous Clear Signal               ; On                 ; On                 ;
; Pre-Mapping Resynthesis Optimization                                       ; Off                ; Off                ;
; Analysis & Synthesis Message Level                                         ; Medium             ; Medium             ;
; Disable Register Merging Across Hierarchies                                ; Auto               ; Auto               ;
; Resource Aware Inference For Block RAM                                     ; On                 ; On                 ;
; Synthesis Seed                                                             ; 1                  ; 1                  ;
+----------------------------------------------------------------------------+--------------------+--------------------+


+------------------------------------------+
; Parallel Compilation                     ;
+----------------------------+-------------+
; Processors                 ; Number      ;
+----------------------------+-------------+
; Number detected on machine ; 8           ;
; Maximum allowed            ; 4           ;
;                            ;             ;
; Average used               ; 1.00        ;
; Maximum used               ; 2           ;
;                            ;             ;
; Usage by Processor         ; % Time Used ;
;     Processor 1            ; 100.0%      ;
;     Processor 2            ; < 0.1%      ;
;     Processors 3-8         ;   0.0%      ;
+----------------------------+-------------+


+-----------------------------------------------------------------------------------------------------------------------------------------------------------------------------------------------------------------------------------------------+
; Analysis & Synthesis Source Files Read                                                                                                                                                                                                        ;
+----------------------------------+-----------------+-----------------+--------------------------------------------------------------------------------------------------------------------------------------------------------------+---------+
; File Name with User-Entered Path ; Used in Netlist ; File Type       ; File Name with Absolute Path                                                                                                                                 ; Library ;
+----------------------------------+-----------------+-----------------+--------------------------------------------------------------------------------------------------------------------------------------------------------------+---------+
; SCCBdrive.vhd                    ; yes             ; User VHDL File  ; C:/Users/compu/Documents/1Juan/1Facultad/9 Semestre/E1225 Taller de Sistemas Digitales/0Repository/BandTBS/Procesador/procesor parts/SCCBdrive/SCCBdrive.vhd ;         ;
; P2Sreg.vhd                       ; yes             ; User VHDL File  ; C:/Users/compu/Documents/1Juan/1Facultad/9 Semestre/E1225 Taller de Sistemas Digitales/0Repository/BandTBS/Procesador/procesor parts/SCCBdrive/P2Sreg.vhd    ;         ;
+----------------------------------+-----------------+-----------------+--------------------------------------------------------------------------------------------------------------------------------------------------------------+---------+


+------------------------------------------------------+
; Analysis & Synthesis Resource Usage Summary          ;
+---------------------------------------------+--------+
; Resource                                    ; Usage  ;
+---------------------------------------------+--------+
; Estimated Total logic elements              ; 69     ;
;                                             ;        ;
; Total combinational functions               ; 65     ;
; Logic element usage by number of LUT inputs ;        ;
;     -- 4 input functions                    ; 17     ;
;     -- 3 input functions                    ; 2      ;
;     -- <=2 input functions                  ; 46     ;
;                                             ;        ;
; Logic elements by mode                      ;        ;
;     -- normal mode                          ; 65     ;
;     -- arithmetic mode                      ; 0      ;
;                                             ;        ;
; Total registers                             ; 64     ;
;     -- Dedicated logic registers            ; 64     ;
;     -- I/O registers                        ; 0      ;
;                                             ;        ;
; I/O pins                                    ; 5      ;
; Embedded Multiplier 9-bit elements          ; 0      ;
; Maximum fan-out node                        ; mssgGO ;
; Maximum fan-out                             ; 58     ;
; Total fan-out                               ; 362    ;
; Average fan-out                             ; 2.60   ;
+---------------------------------------------+--------+


+--------------------------------------------------------------------------------------------------------------------------------------------------------------------------------+
; Analysis & Synthesis Resource Utilization by Entity                                                                                                                            ;
+----------------------------+-------------------+--------------+-------------+--------------+---------+-----------+------+--------------+------------------------+--------------+
; Compilation Hierarchy Node ; LC Combinationals ; LC Registers ; Memory Bits ; DSP Elements ; DSP 9x9 ; DSP 18x18 ; Pins ; Virtual Pins ; Full Hierarchy Name    ; Library Name ;
+----------------------------+-------------------+--------------+-------------+--------------+---------+-----------+------+--------------+------------------------+--------------+
; |SCCBdrive                 ; 65 (13)           ; 64 (10)      ; 0           ; 0            ; 0       ; 0         ; 5    ; 0            ; |SCCBdrive             ; work         ;
;    |P2Sreg:REGS|           ; 52 (52)           ; 54 (54)      ; 0           ; 0            ; 0       ; 0         ; 0    ; 0            ; |SCCBdrive|P2Sreg:REGS ; work         ;
+----------------------------+-------------------+--------------+-------------+--------------+---------+-----------+------+--------------+------------------------+--------------+
Note: For table entries with two numbers listed, the numbers in parentheses indicate the number of resources of the given type used by the specific entity alone. The numbers listed outside of parentheses indicate the total resources of the given type used by the specific entity and all of its sub-entities in the hierarchy.


+--------------------------------------------------------------------------------+
; Registers Removed During Synthesis                                             ;
+---------------------------------------+----------------------------------------+
; Register name                         ; Reason for Removal                     ;
+---------------------------------------+----------------------------------------+
; P2Sreg:REGS|Q[0]                      ; Stuck at GND due to stuck port data_in ;
; Total Number of Removed Registers = 1 ;                                        ;
+---------------------------------------+----------------------------------------+


+------------------------------------------------------+
; General Register Statistics                          ;
+----------------------------------------------+-------+
; Statistic                                    ; Value ;
+----------------------------------------------+-------+
; Total registers                              ; 64    ;
; Number of registers using Synchronous Clear  ; 1     ;
; Number of registers using Synchronous Load   ; 0     ;
; Number of registers using Asynchronous Clear ; 64    ;
; Number of registers using Asynchronous Load  ; 0     ;
; Number of registers using Clock Enable       ; 0     ;
; Number of registers using Preset             ; 0     ;
+----------------------------------------------+-------+


+------------------------------------------------+
; Port Connectivity Checks: "P2Sreg:REGS"        ;
+--------------+-------+----------+--------------+
; Port         ; Type  ; Severity ; Details      ;
+--------------+-------+----------+--------------+
; mssg[24..21] ; Input ; Info     ; Stuck at GND ;
; mssg[19..18] ; Input ; Info     ; Stuck at GND ;
; mssg[10..9]  ; Input ; Info     ; Stuck at GND ;
; mssg[26]     ; Input ; Info     ; Stuck at GND ;
; mssg[16]     ; Input ; Info     ; Stuck at GND ;
; mssg[6]      ; Input ; Info     ; Stuck at GND ;
; mssg[4]      ; Input ; Info     ; Stuck at GND ;
; mssg[0]      ; Input ; Info     ; Stuck at GND ;
+--------------+-------+----------+--------------+


+-------------------------------+
; Elapsed Time Per Partition    ;
+----------------+--------------+
; Partition Name ; Elapsed Time ;
+----------------+--------------+
; Top            ; 00:00:00     ;
+----------------+--------------+


+-------------------------------+
; Analysis & Synthesis Messages ;
+-------------------------------+
Info: *******************************************************************
Info: Running Quartus II 64-Bit Analysis & Synthesis
    Info: Version 13.1.0 Build 162 10/23/2013 SJ Web Edition
    Info: Processing started: Fri May 03 18:17:39 2024
Info: Command: quartus_map --read_settings_files=on --write_settings_files=off SCCBdrive -c SCCBdrive
Info (11104): Parallel Compilation has detected 8 hyper-threaded processors. However, the extra hyper-threaded processors will not be used by default. Parallel Compilation will use 4 of the 4 physical processors detected instead.
Info (12021): Found 2 design units, including 1 entities, in source file sccbdrive.vhd
    Info (12022): Found design unit 1: SCCBdrive-shape
    Info (12023): Found entity 1: SCCBdrive
Info (12021): Found 2 design units, including 1 entities, in source file p2sreg.vhd
    Info (12022): Found design unit 1: P2Sreg-shape
    Info (12023): Found entity 1: P2Sreg
Info (12127): Elaborating entity "SCCBdrive" for the top level hierarchy
Warning (10540): VHDL Signal Declaration warning at SCCBdrive.vhd(45): used explicit default value for signal "nullMssg" because signal was never assigned a value
Warning (10540): VHDL Signal Declaration warning at SCCBdrive.vhd(46): used explicit default value for signal "COM7" because signal was never assigned a value
Warning (10540): VHDL Signal Declaration warning at SCCBdrive.vhd(47): used explicit default value for signal "COM15" because signal was never assigned a value
Warning (10540): VHDL Signal Declaration warning at SCCBdrive.vhd(48): used explicit default value for signal "RGB444" because signal was never assigned a value
Info (10041): Inferred latch for "mailbox[0]" at SCCBdrive.vhd(83)
Info (10041): Inferred latch for "mailbox[1]" at SCCBdrive.vhd(83)
Info (10041): Inferred latch for "mailbox[2]" at SCCBdrive.vhd(83)
Info (10041): Inferred latch for "mailbox[3]" at SCCBdrive.vhd(83)
Info (10041): Inferred latch for "mailbox[4]" at SCCBdrive.vhd(83)
Info (10041): Inferred latch for "mailbox[5]" at SCCBdrive.vhd(83)
Info (10041): Inferred latch for "mailbox[6]" at SCCBdrive.vhd(83)
Info (10041): Inferred latch for "mailbox[7]" at SCCBdrive.vhd(83)
Info (10041): Inferred latch for "mailbox[8]" at SCCBdrive.vhd(83)
Info (10041): Inferred latch for "mailbox[9]" at SCCBdrive.vhd(83)
Info (10041): Inferred latch for "mailbox[10]" at SCCBdrive.vhd(83)
Info (10041): Inferred latch for "mailbox[11]" at SCCBdrive.vhd(83)
Info (10041): Inferred latch for "mailbox[12]" at SCCBdrive.vhd(83)
Info (10041): Inferred latch for "mailbox[13]" at SCCBdrive.vhd(83)
Info (10041): Inferred latch for "mailbox[14]" at SCCBdrive.vhd(83)
Info (10041): Inferred latch for "mailbox[15]" at SCCBdrive.vhd(83)
Info (10041): Inferred latch for "mailbox[16]" at SCCBdrive.vhd(83)
Info (10041): Inferred latch for "mailbox[17]" at SCCBdrive.vhd(83)
Info (10041): Inferred latch for "mailbox[18]" at SCCBdrive.vhd(83)
Info (10041): Inferred latch for "mailbox[19]" at SCCBdrive.vhd(83)
Info (10041): Inferred latch for "mailbox[20]" at SCCBdrive.vhd(83)
Info (10041): Inferred latch for "mailbox[21]" at SCCBdrive.vhd(83)
Info (10041): Inferred latch for "mailbox[22]" at SCCBdrive.vhd(83)
Info (10041): Inferred latch for "mailbox[23]" at SCCBdrive.vhd(83)
Info (10041): Inferred latch for "mailbox[24]" at SCCBdrive.vhd(83)
Info (10041): Inferred latch for "mailbox[25]" at SCCBdrive.vhd(83)
Info (10041): Inferred latch for "mailbox[26]" at SCCBdrive.vhd(83)
Info (12128): Elaborating entity "P2Sreg" for hierarchy "P2Sreg:REGS"
Warning (19016): Clock multiplexers are found and protected
    Warning (19017): Found clock multiplexer C_Eedge~0
Info (286030): Timing-Driven Synthesis is running
Info (16010): Generating hard_block partition "hard_block:auto_generated_inst"
    Info (16011): Adding 0 node(s), including 0 DDIO, 0 PLL, 0 transceiver and 0 LCELL
Info (21057): Implemented 74 device resources after synthesis - the final resource count might be different
    Info (21058): Implemented 2 input pins
    Info (21059): Implemented 3 output pins
    Info (21061): Implemented 69 logic cells
Info: Quartus II 64-Bit Analysis & Synthesis was successful. 0 errors, 6 warnings
    Info: Peak virtual memory: 4682 megabytes
    Info: Processing ended: Fri May 03 18:17:40 2024
    Info: Elapsed time: 00:00:01
    Info: Total CPU time (on all processors): 00:00:00


