Analysis & Synthesis report for capture_and_store
Sat Apr 27 19:38:45 2024
Quartus II 64-Bit Version 13.1.0 Build 162 10/23/2013 SJ Web Edition


---------------------
; Table of Contents ;
---------------------
  1. Legal Notice
  2. Analysis & Synthesis Summary
  3. Analysis & Synthesis Settings
  4. Parallel Compilation
  5. Analysis & Synthesis Source Files Read
  6. Analysis & Synthesis Resource Usage Summary
  7. Analysis & Synthesis Resource Utilization by Entity
  8. Registers Removed During Synthesis
  9. General Register Statistics
 10. Multiplexer Restructuring Statistics (Restructuring Performed)
 11. Parameter Settings for User Entity Instance: capture_driver:Cap|RegisterPP:ER
 12. Parameter Settings for User Entity Instance: capture_driver:Cap|RegisterPP:ACC
 13. Parameter Settings for User Entity Instance: capture_driver:Cap|RegisterPP:BUF
 14. Parameter Settings for User Entity Instance: capture_driver:Cap|div_clk:DIV
 15. Parameter Settings for User Entity Instance: capture_driver:Cap|DelayedOutput:start_counting
 16. Parameter Settings for User Entity Instance: memory:Load_Store
 17. Port Connectivity Checks: "memory:Load_Store"
 18. Elapsed Time Per Partition
 19. Analysis & Synthesis Messages



----------------
; Legal Notice ;
----------------
Copyright (C) 1991-2013 Altera Corporation
Your use of Altera Corporation's design tools, logic functions 
and other software and tools, and its AMPP partner logic 
functions, and any output files from any of the foregoing 
(including device programming or simulation files), and any 
associated documentation or information are expressly subject 
to the terms and conditions of the Altera Program License 
Subscription Agreement, Altera MegaCore Function License 
Agreement, or other applicable license agreement, including, 
without limitation, that your use is for the sole purpose of 
programming logic devices manufactured by Altera and sold by 
Altera or its authorized distributors.  Please refer to the 
applicable agreement for further details.



+---------------------------------------------------------------------------------+
; Analysis & Synthesis Summary                                                    ;
+------------------------------------+--------------------------------------------+
; Analysis & Synthesis Status        ; Successful - Sat Apr 27 19:38:44 2024      ;
; Quartus II 64-Bit Version          ; 13.1.0 Build 162 10/23/2013 SJ Web Edition ;
; Revision Name                      ; capture_and_store                          ;
; Top-level Entity Name              ; capture_and_store                          ;
; Family                             ; Cyclone III                                ;
; Total logic elements               ; 167                                        ;
;     Total combinational functions  ; 86                                         ;
;     Dedicated logic registers      ; 98                                         ;
; Total registers                    ; 98                                         ;
; Total pins                         ; 15                                         ;
; Total virtual pins                 ; 0                                          ;
; Total memory bits                  ; 0                                          ;
; Embedded Multiplier 9-bit elements ; 0                                          ;
; Total PLLs                         ; 0                                          ;
+------------------------------------+--------------------------------------------+


+----------------------------------------------------------------------------------------------------------------------+
; Analysis & Synthesis Settings                                                                                        ;
+----------------------------------------------------------------------------+--------------------+--------------------+
; Option                                                                     ; Setting            ; Default Value      ;
+----------------------------------------------------------------------------+--------------------+--------------------+
; Device                                                                     ; EP3C16F484C6       ;                    ;
; Top-level entity name                                                      ; capture_and_store  ; capture_and_store  ;
; Family name                                                                ; Cyclone III        ; Cyclone IV GX      ;
; Use smart compilation                                                      ; Off                ; Off                ;
; Enable parallel Assembler and TimeQuest Timing Analyzer during compilation ; On                 ; On                 ;
; Enable compact report table                                                ; Off                ; Off                ;
; Restructure Multiplexers                                                   ; Auto               ; Auto               ;
; Create Debugging Nodes for IP Cores                                        ; Off                ; Off                ;
; Preserve fewer node names                                                  ; On                 ; On                 ;
; Disable OpenCore Plus hardware evaluation                                  ; Off                ; Off                ;
; Verilog Version                                                            ; Verilog_2001       ; Verilog_2001       ;
; VHDL Version                                                               ; VHDL_1993          ; VHDL_1993          ;
; State Machine Processing                                                   ; Auto               ; Auto               ;
; Safe State Machine                                                         ; Off                ; Off                ;
; Extract Verilog State Machines                                             ; On                 ; On                 ;
; Extract VHDL State Machines                                                ; On                 ; On                 ;
; Ignore Verilog initial constructs                                          ; Off                ; Off                ;
; Iteration limit for constant Verilog loops                                 ; 5000               ; 5000               ;
; Iteration limit for non-constant Verilog loops                             ; 250                ; 250                ;
; Add Pass-Through Logic to Inferred RAMs                                    ; On                 ; On                 ;
; Infer RAMs from Raw Logic                                                  ; On                 ; On                 ;
; Parallel Synthesis                                                         ; On                 ; On                 ;
; DSP Block Balancing                                                        ; Auto               ; Auto               ;
; NOT Gate Push-Back                                                         ; On                 ; On                 ;
; Power-Up Don't Care                                                        ; On                 ; On                 ;
; Remove Redundant Logic Cells                                               ; Off                ; Off                ;
; Remove Duplicate Registers                                                 ; On                 ; On                 ;
; Ignore CARRY Buffers                                                       ; Off                ; Off                ;
; Ignore CASCADE Buffers                                                     ; Off                ; Off                ;
; Ignore GLOBAL Buffers                                                      ; Off                ; Off                ;
; Ignore ROW GLOBAL Buffers                                                  ; Off                ; Off                ;
; Ignore LCELL Buffers                                                       ; Off                ; Off                ;
; Ignore SOFT Buffers                                                        ; On                 ; On                 ;
; Limit AHDL Integers to 32 Bits                                             ; Off                ; Off                ;
; Optimization Technique                                                     ; Balanced           ; Balanced           ;
; Carry Chain Length                                                         ; 70                 ; 70                 ;
; Auto Carry Chains                                                          ; On                 ; On                 ;
; Auto Open-Drain Pins                                                       ; On                 ; On                 ;
; Perform WYSIWYG Primitive Resynthesis                                      ; Off                ; Off                ;
; Auto ROM Replacement                                                       ; On                 ; On                 ;
; Auto RAM Replacement                                                       ; On                 ; On                 ;
; Auto DSP Block Replacement                                                 ; On                 ; On                 ;
; Auto Shift Register Replacement                                            ; Auto               ; Auto               ;
; Allow Shift Register Merging across Hierarchies                            ; Auto               ; Auto               ;
; Auto Clock Enable Replacement                                              ; On                 ; On                 ;
; Strict RAM Replacement                                                     ; Off                ; Off                ;
; Allow Synchronous Control Signals                                          ; On                 ; On                 ;
; Force Use of Synchronous Clear Signals                                     ; Off                ; Off                ;
; Auto RAM Block Balancing                                                   ; On                 ; On                 ;
; Auto RAM to Logic Cell Conversion                                          ; Off                ; Off                ;
; Auto Resource Sharing                                                      ; Off                ; Off                ;
; Allow Any RAM Size For Recognition                                         ; Off                ; Off                ;
; Allow Any ROM Size For Recognition                                         ; Off                ; Off                ;
; Allow Any Shift Register Size For Recognition                              ; Off                ; Off                ;
; Use LogicLock Constraints during Resource Balancing                        ; On                 ; On                 ;
; Ignore translate_off and synthesis_off directives                          ; Off                ; Off                ;
; Timing-Driven Synthesis                                                    ; On                 ; On                 ;
; Report Parameter Settings                                                  ; On                 ; On                 ;
; Report Source Assignments                                                  ; On                 ; On                 ;
; Report Connectivity Checks                                                 ; On                 ; On                 ;
; Ignore Maximum Fan-Out Assignments                                         ; Off                ; Off                ;
; Synchronization Register Chain Length                                      ; 2                  ; 2                  ;
; PowerPlay Power Optimization                                               ; Normal compilation ; Normal compilation ;
; HDL message level                                                          ; Level2             ; Level2             ;
; Suppress Register Optimization Related Messages                            ; Off                ; Off                ;
; Number of Removed Registers Reported in Synthesis Report                   ; 5000               ; 5000               ;
; Number of Swept Nodes Reported in Synthesis Report                         ; 5000               ; 5000               ;
; Number of Inverted Registers Reported in Synthesis Report                  ; 100                ; 100                ;
; Clock MUX Protection                                                       ; On                 ; On                 ;
; Auto Gated Clock Conversion                                                ; Off                ; Off                ;
; Block Design Naming                                                        ; Auto               ; Auto               ;
; SDC constraint protection                                                  ; Off                ; Off                ;
; Synthesis Effort                                                           ; Auto               ; Auto               ;
; Shift Register Replacement - Allow Asynchronous Clear Signal               ; On                 ; On                 ;
; Pre-Mapping Resynthesis Optimization                                       ; Off                ; Off                ;
; Analysis & Synthesis Message Level                                         ; Medium             ; Medium             ;
; Disable Register Merging Across Hierarchies                                ; Auto               ; Auto               ;
; Resource Aware Inference For Block RAM                                     ; On                 ; On                 ;
; Synthesis Seed                                                             ; 1                  ; 1                  ;
+----------------------------------------------------------------------------+--------------------+--------------------+


Parallel compilation was disabled, but you have multiple processors available. Enable parallel compilation to reduce compilation time.
+-------------------------------------+
; Parallel Compilation                ;
+----------------------------+--------+
; Processors                 ; Number ;
+----------------------------+--------+
; Number detected on machine ; 16     ;
; Maximum allowed            ; 1      ;
+----------------------------+--------+


+-------------------------------------------------------------------------------------------------------------------------------------------------------------------------------------------------------------------------+
; Analysis & Synthesis Source Files Read                                                                                                                                                                                  ;
+----------------------------------+-----------------+-----------------+----------------------------------------------------------------------------------------------------------------------------------------+---------+
; File Name with User-Entered Path ; Used in Netlist ; File Type       ; File Name with Absolute Path                                                                                                           ; Library ;
+----------------------------------+-----------------+-----------------+----------------------------------------------------------------------------------------------------------------------------------------+---------+
; memory.vhd                       ; yes             ; User VHDL File  ; C:/Users/matez/OneDrive/Documentos/my-works/5to año/Taller de Sistemas Digitales/Proyecto BBTS/Capture_and_store/memory.vhd            ;         ;
; DelayedOutput.vhd                ; yes             ; User VHDL File  ; C:/Users/matez/OneDrive/Documentos/my-works/5to año/Taller de Sistemas Digitales/Proyecto BBTS/Capture_and_store/DelayedOutput.vhd     ;         ;
; Capture_driver.vhd               ; yes             ; User VHDL File  ; C:/Users/matez/OneDrive/Documentos/my-works/5to año/Taller de Sistemas Digitales/Proyecto BBTS/Capture_and_store/Capture_driver.vhd    ;         ;
; RegisterPP.vhd                   ; yes             ; User VHDL File  ; C:/Users/matez/OneDrive/Documentos/my-works/5to año/Taller de Sistemas Digitales/Proyecto BBTS/Capture_and_store/RegisterPP.vhd        ;         ;
; div_clk.vhd                      ; yes             ; User VHDL File  ; C:/Users/matez/OneDrive/Documentos/my-works/5to año/Taller de Sistemas Digitales/Proyecto BBTS/Capture_and_store/div_clk.vhd           ;         ;
; capture_and_store.vhd            ; yes             ; User VHDL File  ; C:/Users/matez/OneDrive/Documentos/my-works/5to año/Taller de Sistemas Digitales/Proyecto BBTS/Capture_and_store/capture_and_store.vhd ;         ;
+----------------------------------+-----------------+-----------------+----------------------------------------------------------------------------------------------------------------------------------------+---------+


+----------------------------------------------------------+
; Analysis & Synthesis Resource Usage Summary              ;
+---------------------------------------------+------------+
; Resource                                    ; Usage      ;
+---------------------------------------------+------------+
; Estimated Total logic elements              ; 167        ;
;                                             ;            ;
; Total combinational functions               ; 86         ;
; Logic element usage by number of LUT inputs ;            ;
;     -- 4 input functions                    ; 53         ;
;     -- 3 input functions                    ; 11         ;
;     -- <=2 input functions                  ; 22         ;
;                                             ;            ;
; Logic elements by mode                      ;            ;
;     -- normal mode                          ; 81         ;
;     -- arithmetic mode                      ; 5          ;
;                                             ;            ;
; Total registers                             ; 98         ;
;     -- Dedicated logic registers            ; 98         ;
;     -- I/O registers                        ; 0          ;
;                                             ;            ;
; I/O pins                                    ; 15         ;
; Embedded Multiplier 9-bit elements          ; 0          ;
; Maximum fan-out node                        ; PCLK~input ;
; Maximum fan-out                             ; 86         ;
; Total fan-out                               ; 671        ;
; Average fan-out                             ; 3.14       ;
+---------------------------------------------+------------+


+--------------------------------------------------------------------------------------------------------------------------------------------------------------------------------------------------------------------------------------+
; Analysis & Synthesis Resource Utilization by Entity                                                                                                                                                                                  ;
+--------------------------------------+-------------------+--------------+-------------+--------------+---------+-----------+------+--------------+--------------------------------------------------------------------+--------------+
; Compilation Hierarchy Node           ; LC Combinationals ; LC Registers ; Memory Bits ; DSP Elements ; DSP 9x9 ; DSP 18x18 ; Pins ; Virtual Pins ; Full Hierarchy Name                                                ; Library Name ;
+--------------------------------------+-------------------+--------------+-------------+--------------+---------+-----------+------+--------------+--------------------------------------------------------------------+--------------+
; |capture_and_store                   ; 86 (1)            ; 98 (5)       ; 0           ; 0            ; 0       ; 0         ; 15   ; 0            ; |capture_and_store                                                 ; work         ;
;    |capture_driver:Cap|              ; 18 (10)           ; 25 (4)       ; 0           ; 0            ; 0       ; 0         ; 0    ; 0            ; |capture_and_store|capture_driver:Cap                              ; work         ;
;       |DelayedOutput:start_counting| ; 1 (1)             ; 2 (2)        ; 0           ; 0            ; 0       ; 0         ; 0    ; 0            ; |capture_and_store|capture_driver:Cap|DelayedOutput:start_counting ; work         ;
;       |RegisterPP:ACC|               ; 6 (6)             ; 6 (6)        ; 0           ; 0            ; 0       ; 0         ; 0    ; 0            ; |capture_and_store|capture_driver:Cap|RegisterPP:ACC               ; work         ;
;       |RegisterPP:BUF|               ; 0 (0)             ; 4 (4)        ; 0           ; 0            ; 0       ; 0         ; 0    ; 0            ; |capture_and_store|capture_driver:Cap|RegisterPP:BUF               ; work         ;
;       |RegisterPP:ER|                ; 0 (0)             ; 8 (8)        ; 0           ; 0            ; 0       ; 0         ; 0    ; 0            ; |capture_and_store|capture_driver:Cap|RegisterPP:ER                ; work         ;
;       |div_clk:DIV|                  ; 1 (1)             ; 1 (1)        ; 0           ; 0            ; 0       ; 0         ; 0    ; 0            ; |capture_and_store|capture_driver:Cap|div_clk:DIV                  ; work         ;
;    |memory:Load_Store|               ; 67 (67)           ; 68 (68)      ; 0           ; 0            ; 0       ; 0         ; 0    ; 0            ; |capture_and_store|memory:Load_Store                               ; work         ;
+--------------------------------------+-------------------+--------------+-------------+--------------+---------+-----------+------+--------------+--------------------------------------------------------------------+--------------+
Note: For table entries with two numbers listed, the numbers in parentheses indicate the number of resources of the given type used by the specific entity alone. The numbers listed outside of parentheses indicate the total resources of the given type used by the specific entity and all of its sub-entities in the hierarchy.


+---------------------------------------------------------------------------------+
; Registers Removed During Synthesis                                              ;
+----------------------------------------+----------------------------------------+
; Register name                          ; Reason for Removal                     ;
+----------------------------------------+----------------------------------------+
; capture_driver:Cap|div_clk:DIV|counter ; Stuck at GND due to stuck port data_in ;
; Total Number of Removed Registers = 1  ;                                        ;
+----------------------------------------+----------------------------------------+


+------------------------------------------------------+
; General Register Statistics                          ;
+----------------------------------------------+-------+
; Statistic                                    ; Value ;
+----------------------------------------------+-------+
; Total registers                              ; 98    ;
; Number of registers using Synchronous Clear  ; 0     ;
; Number of registers using Synchronous Load   ; 0     ;
; Number of registers using Asynchronous Clear ; 84    ;
; Number of registers using Asynchronous Load  ; 0     ;
; Number of registers using Clock Enable       ; 86    ;
; Number of registers using Preset             ; 0     ;
+----------------------------------------------+-------+


+----------------------------------------------------------------------------------------------------------------------------------------------------------------+
; Multiplexer Restructuring Statistics (Restructuring Performed)                                                                                                 ;
+--------------------+-----------+---------------+----------------------+------------------------+------------+--------------------------------------------------+
; Multiplexer Inputs ; Bus Width ; Baseline Area ; Area if Restructured ; Saving if Restructured ; Registered ; Example Multiplexer Output                       ;
+--------------------+-----------+---------------+----------------------+------------------------+------------+--------------------------------------------------+
; 16:1               ; 4 bits    ; 40 LEs        ; 40 LEs               ; 0 LEs                  ; Yes        ; |capture_and_store|memory:Load_Store|data_out[0] ;
+--------------------+-----------+---------------+----------------------+------------------------+------------+--------------------------------------------------+


+-------------------------------------------------------------------------------+
; Parameter Settings for User Entity Instance: capture_driver:Cap|RegisterPP:ER ;
+----------------+-------+------------------------------------------------------+
; Parameter Name ; Value ; Type                                                 ;
+----------------+-------+------------------------------------------------------+
; width          ; 8     ; Signed Integer                                       ;
+----------------+-------+------------------------------------------------------+
Note: In order to hide this table in the UI and the text report file, please set the "Show Parameter Settings in Synthesis Report" option in "Analysis and Synthesis Settings -> More Settings" to "Off".


+--------------------------------------------------------------------------------+
; Parameter Settings for User Entity Instance: capture_driver:Cap|RegisterPP:ACC ;
+----------------+-------+-------------------------------------------------------+
; Parameter Name ; Value ; Type                                                  ;
+----------------+-------+-------------------------------------------------------+
; width          ; 6     ; Signed Integer                                        ;
+----------------+-------+-------------------------------------------------------+
Note: In order to hide this table in the UI and the text report file, please set the "Show Parameter Settings in Synthesis Report" option in "Analysis and Synthesis Settings -> More Settings" to "Off".


+--------------------------------------------------------------------------------+
; Parameter Settings for User Entity Instance: capture_driver:Cap|RegisterPP:BUF ;
+----------------+-------+-------------------------------------------------------+
; Parameter Name ; Value ; Type                                                  ;
+----------------+-------+-------------------------------------------------------+
; width          ; 4     ; Signed Integer                                        ;
+----------------+-------+-------------------------------------------------------+
Note: In order to hide this table in the UI and the text report file, please set the "Show Parameter Settings in Synthesis Report" option in "Analysis and Synthesis Settings -> More Settings" to "Off".


+-----------------------------------------------------------------------------+
; Parameter Settings for User Entity Instance: capture_driver:Cap|div_clk:DIV ;
+----------------+-------+----------------------------------------------------+
; Parameter Name ; Value ; Type                                               ;
+----------------+-------+----------------------------------------------------+
; divider_value  ; 1     ; Signed Integer                                     ;
+----------------+-------+----------------------------------------------------+
Note: In order to hide this table in the UI and the text report file, please set the "Show Parameter Settings in Synthesis Report" option in "Analysis and Synthesis Settings -> More Settings" to "Off".


+----------------------------------------------------------------------------------------------+
; Parameter Settings for User Entity Instance: capture_driver:Cap|DelayedOutput:start_counting ;
+----------------+-------+---------------------------------------------------------------------+
; Parameter Name ; Value ; Type                                                                ;
+----------------+-------+---------------------------------------------------------------------+
; counter_limit  ; 1     ; Signed Integer                                                      ;
+----------------+-------+---------------------------------------------------------------------+
Note: In order to hide this table in the UI and the text report file, please set the "Show Parameter Settings in Synthesis Report" option in "Analysis and Synthesis Settings -> More Settings" to "Off".


+----------------------------------------------------------------+
; Parameter Settings for User Entity Instance: memory:Load_Store ;
+----------------+-------+---------------------------------------+
; Parameter Name ; Value ; Type                                  ;
+----------------+-------+---------------------------------------+
; address_width  ; 4     ; Signed Integer                        ;
; data_width     ; 4     ; Signed Integer                        ;
+----------------+-------+---------------------------------------+
Note: In order to hide this table in the UI and the text report file, please set the "Show Parameter Settings in Synthesis Report" option in "Analysis and Synthesis Settings -> More Settings" to "Off".


+-----------------------------------------------+
; Port Connectivity Checks: "memory:Load_Store" ;
+--------+-------+----------+-------------------+
; Port   ; Type  ; Severity ; Details           ;
+--------+-------+----------+-------------------+
; enable ; Input ; Info     ; Stuck at VCC      ;
+--------+-------+----------+-------------------+


+-------------------------------+
; Elapsed Time Per Partition    ;
+----------------+--------------+
; Partition Name ; Elapsed Time ;
+----------------+--------------+
; Top            ; 00:00:00     ;
+----------------+--------------+


+-------------------------------+
; Analysis & Synthesis Messages ;
+-------------------------------+
Info: *******************************************************************
Info: Running Quartus II 64-Bit Analysis & Synthesis
    Info: Version 13.1.0 Build 162 10/23/2013 SJ Web Edition
    Info: Processing started: Sat Apr 27 19:38:43 2024
Info: Command: quartus_map --read_settings_files=on --write_settings_files=off capture_and_store -c capture_and_store
Warning (20028): Parallel compilation is not licensed and has been disabled
Info (12021): Found 2 design units, including 1 entities, in source file memory.vhd
    Info (12022): Found design unit 1: memory-Behavioral
    Info (12023): Found entity 1: memory
Info (12021): Found 2 design units, including 1 entities, in source file delayedoutput.vhd
    Info (12022): Found design unit 1: DelayedOutput-Behavioral
    Info (12023): Found entity 1: DelayedOutput
Info (12021): Found 2 design units, including 1 entities, in source file capture_driver.vhd
    Info (12022): Found design unit 1: capture_driver-Behavioral
    Info (12023): Found entity 1: capture_driver
Info (12021): Found 2 design units, including 1 entities, in source file registerpp.vhd
    Info (12022): Found design unit 1: RegisterPP-Behavioral
    Info (12023): Found entity 1: RegisterPP
Info (12021): Found 2 design units, including 1 entities, in source file div_clk.vhd
    Info (12022): Found design unit 1: div_clk-Behavioral
    Info (12023): Found entity 1: div_clk
Info (12021): Found 2 design units, including 1 entities, in source file capture_and_store.vhd
    Info (12022): Found design unit 1: capture_and_store-Behavioral
    Info (12023): Found entity 1: capture_and_store
Info (12127): Elaborating entity "capture_and_store" for the top level hierarchy
Info (12128): Elaborating entity "capture_driver" for hierarchy "capture_driver:Cap"
Info (12128): Elaborating entity "RegisterPP" for hierarchy "capture_driver:Cap|RegisterPP:ER"
Info (12128): Elaborating entity "RegisterPP" for hierarchy "capture_driver:Cap|RegisterPP:ACC"
Info (12128): Elaborating entity "RegisterPP" for hierarchy "capture_driver:Cap|RegisterPP:BUF"
Info (12128): Elaborating entity "div_clk" for hierarchy "capture_driver:Cap|div_clk:DIV"
Info (12128): Elaborating entity "DelayedOutput" for hierarchy "capture_driver:Cap|DelayedOutput:start_counting"
Info (12128): Elaborating entity "memory" for hierarchy "memory:Load_Store"
Info (286030): Timing-Driven Synthesis is running
Info (16010): Generating hard_block partition "hard_block:auto_generated_inst"
    Info (16011): Adding 0 node(s), including 0 DDIO, 0 PLL, 0 transceiver and 0 LCELL
Info (21057): Implemented 182 device resources after synthesis - the final resource count might be different
    Info (21058): Implemented 11 input pins
    Info (21059): Implemented 4 output pins
    Info (21061): Implemented 167 logic cells
Info: Quartus II 64-Bit Analysis & Synthesis was successful. 0 errors, 1 warning
    Info: Peak virtual memory: 4662 megabytes
    Info: Processing ended: Sat Apr 27 19:38:45 2024
    Info: Elapsed time: 00:00:02
    Info: Total CPU time (on all processors): 00:00:01


