Flow report for ascii_rom
Tue Aug 23 13:19:44 2016
Quartus II Version 10.1 Build 197 01/19/2011 Service Pack 1 SJ Web Edition


---------------------
; Table of Contents ;
---------------------
  1. Legal Notice
  2. Flow Summary
  3. Flow Settings
  4. Flow Non-Default Global Settings
  5. Flow Elapsed Time
  6. Flow OS Summary
  7. Flow Log



----------------
; Legal Notice ;
----------------
Copyright (C) 1991-2011 Altera Corporation
Your use of Altera Corporation's design tools, logic functions 
and other software and tools, and its AMPP partner logic 
functions, and any output files from any of the foregoing 
(including device programming or simulation files), and any 
associated documentation or information are expressly subject 
to the terms and conditions of the Altera Program License 
Subscription Agreement, Altera MegaCore Function License 
Agreement, or other applicable license agreement, including, 
without limitation, that your use is for the sole purpose of 
programming logic devices manufactured by Altera and sold by 
Altera or its authorized distributors.  Please refer to the 
applicable agreement for further details.



+------------------------------------------------------------------------------------+
; Flow Summary                                                                       ;
+------------------------------------+-----------------------------------------------+
; Flow Status                        ; Successful - Tue Aug 23 13:19:43 2016         ;
; Quartus II Version                 ; 10.1 Build 197 01/19/2011 SP 1 SJ Web Edition ;
; Revision Name                      ; ascii_rom                                     ;
; Top-level Entity Name              ; ascii_rom                                     ;
; Family                             ; Cyclone III                                   ;
; Device                             ; EP3C16F484C6                                  ;
; Timing Models                      ; Final                                         ;
; Total logic elements               ; 0 / 15,408 ( 0 % )                            ;
;     Total combinational functions  ; 0 / 15,408 ( 0 % )                            ;
;     Dedicated logic registers      ; 0 / 15,408 ( 0 % )                            ;
; Total registers                    ; 0                                             ;
; Total pins                         ; 29 / 347 ( 8 % )                              ;
; Total virtual pins                 ; 0                                             ;
; Total memory bits                  ; 16,384 / 516,096 ( 3 % )                      ;
; Embedded Multiplier 9-bit elements ; 0 / 112 ( 0 % )                               ;
; Total PLLs                         ; 0 / 4 ( 0 % )                                 ;
+------------------------------------+-----------------------------------------------+


+-----------------------------------------+
; Flow Settings                           ;
+-------------------+---------------------+
; Option            ; Setting             ;
+-------------------+---------------------+
; Start date & time ; 08/23/2016 13:19:27 ;
; Main task         ; Compilation         ;
; Revision Name     ; ascii_rom           ;
+-------------------+---------------------+


+---------------------------------------------------------------------------------------------------------------+
; Flow Non-Default Global Settings                                                                              ;
+-------------------------------------+------------------------------+---------------+-------------+------------+
; Assignment Name                     ; Value                        ; Default Value ; Entity Name ; Section Id ;
+-------------------------------------+------------------------------+---------------+-------------+------------+
; COMPILER_SIGNATURE_ID               ; 134155921350.147196916603456 ; --            ; --          ; --         ;
; IP_TOOL_NAME                        ; RAM: 1-PORT                  ; --            ; --          ; --         ;
; IP_TOOL_VERSION                     ; 10.1                         ; --            ; --          ; --         ;
; MAX_CORE_JUNCTION_TEMP              ; 85                           ; --            ; --          ; --         ;
; MIN_CORE_JUNCTION_TEMP              ; 0                            ; --            ; --          ; --         ;
; MISC_FILE                           ; ascii_rom.cmp                ; --            ; --          ; --         ;
; PARTITION_COLOR                     ; 16764057                     ; --            ; --          ; Top        ;
; PARTITION_FITTER_PRESERVATION_LEVEL ; PLACEMENT_AND_ROUTING        ; --            ; --          ; Top        ;
; PARTITION_NETLIST_TYPE              ; SOURCE                       ; --            ; --          ; Top        ;
+-------------------------------------+------------------------------+---------------+-------------+------------+


+-------------------------------------------------------------------------------------------------------------------------------+
; Flow Elapsed Time                                                                                                             ;
+---------------------------+--------------+-------------------------+---------------------+------------------------------------+
; Module Name               ; Elapsed Time ; Average Processors Used ; Peak Virtual Memory ; Total CPU Time (on all processors) ;
+---------------------------+--------------+-------------------------+---------------------+------------------------------------+
; Analysis & Synthesis      ; 00:00:03     ; 1.0                     ; 278 MB              ; 00:00:03                           ;
; Fitter                    ; 00:00:09     ; 1.0                     ; 328 MB              ; 00:00:09                           ;
; Assembler                 ; 00:00:02     ; 1.0                     ; 254 MB              ; 00:00:03                           ;
; TimeQuest Timing Analyzer ; 00:00:04     ; 1.0                     ; 255 MB              ; 00:00:03                           ;
; Total                     ; 00:00:18     ; --                      ; --                  ; 00:00:18                           ;
+---------------------------+--------------+-------------------------+---------------------+------------------------------------+


+----------------------------------------------------------------------------------------+
; Flow OS Summary                                                                        ;
+---------------------------+------------------+-----------+------------+----------------+
; Module Name               ; Machine Hostname ; OS Name   ; OS Version ; Processor type ;
+---------------------------+------------------+-----------+------------+----------------+
; Analysis & Synthesis      ; ser-acer-PC      ; Windows 7 ; 6.1        ; x86_64         ;
; Fitter                    ; ser-acer-PC      ; Windows 7 ; 6.1        ; x86_64         ;
; Assembler                 ; ser-acer-PC      ; Windows 7 ; 6.1        ; x86_64         ;
; TimeQuest Timing Analyzer ; ser-acer-PC      ; Windows 7 ; 6.1        ; x86_64         ;
+---------------------------+------------------+-----------+------------+----------------+


------------
; Flow Log ;
------------
quartus_map --read_settings_files=on --write_settings_files=off ascii_rom -c ascii_rom
quartus_fit --read_settings_files=off --write_settings_files=off ascii_rom -c ascii_rom
quartus_asm --read_settings_files=off --write_settings_files=off ascii_rom -c ascii_rom
quartus_sta ascii_rom -c ascii_rom



