Flow report for generador_vga5
Tue Jun 28 07:55:54 2022
Quartus II 64-Bit Version 13.1.0 Build 162 10/23/2013 SJ Web Edition


---------------------
; Table of Contents ;
---------------------
  1. Legal Notice
  2. Flow Summary
  3. Flow Settings
  4. Flow Non-Default Global Settings
  5. Flow Elapsed Time
  6. Flow OS Summary
  7. Flow Log
  8. Flow Messages
  9. Flow Suppressed Messages



----------------
; Legal Notice ;
----------------
Copyright (C) 1991-2013 Altera Corporation
Your use of Altera Corporation's design tools, logic functions 
and other software and tools, and its AMPP partner logic 
functions, and any output files from any of the foregoing 
(including device programming or simulation files), and any 
associated documentation or information are expressly subject 
to the terms and conditions of the Altera Program License 
Subscription Agreement, Altera MegaCore Function License 
Agreement, or other applicable license agreement, including, 
without limitation, that your use is for the sole purpose of 
programming logic devices manufactured by Altera and sold by 
Altera or its authorized distributors.  Please refer to the 
applicable agreement for further details.



+---------------------------------------------------------------------------------+
; Flow Summary                                                                    ;
+------------------------------------+--------------------------------------------+
; Flow Status                        ; Successful - Tue Jun 28 07:55:50 2022      ;
; Quartus II 64-Bit Version          ; 13.1.0 Build 162 10/23/2013 SJ Web Edition ;
; Revision Name                      ; generador_vga5                             ;
; Top-level Entity Name              ; generador_vga5                             ;
; Family                             ; Cyclone III                                ;
; Device                             ; EP3C16F484C6                               ;
; Timing Models                      ; Final                                      ;
; Total logic elements               ; 354 / 15,408 ( 2 % )                       ;
;     Total combinational functions  ; 346 / 15,408 ( 2 % )                       ;
;     Dedicated logic registers      ; 39 / 15,408 ( < 1 % )                      ;
; Total registers                    ; 39                                         ;
; Total pins                         ; 16 / 347 ( 5 % )                           ;
; Total virtual pins                 ; 0                                          ;
; Total memory bits                  ; 16,384 / 516,096 ( 3 % )                   ;
; Embedded Multiplier 9-bit elements ; 0 / 112 ( 0 % )                            ;
; Total PLLs                         ; 1 / 4 ( 25 % )                             ;
+------------------------------------+--------------------------------------------+


+-----------------------------------------+
; Flow Settings                           ;
+-------------------+---------------------+
; Option            ; Setting             ;
+-------------------+---------------------+
; Start date & time ; 06/28/2022 07:55:35 ;
; Main task         ; Compilation         ;
; Revision Name     ; generador_vga5      ;
+-------------------+---------------------+


+------------------------------------------------------------------------------------------------------------------------------------------------------+
; Flow Non-Default Global Settings                                                                                                                     ;
+-------------------------------------+------------------------------------------------------------------+---------------+----------------+------------+
; Assignment Name                     ; Value                                                            ; Default Value ; Entity Name    ; Section Id ;
+-------------------------------------+------------------------------------------------------------------+---------------+----------------+------------+
; COMPILER_SIGNATURE_ID               ; 93328254198479.165641373516584                                   ; --            ; --             ; --         ;
; MAX_CORE_JUNCTION_TEMP              ; 85                                                               ; --            ; --             ; --         ;
; MIN_CORE_JUNCTION_TEMP              ; 0                                                                ; --            ; --             ; --         ;
; MISC_FILE                           ; C:/altera/10.1sp1/Generador VGA 5 Cyclone III/generador_vga5.dpf ; --            ; --             ; --         ;
; OUTPUT_IO_TIMING_FAR_END_VMEAS      ; Half Signal Swing                                                ; --            ; --             ; --         ;
; OUTPUT_IO_TIMING_FAR_END_VMEAS      ; Half Signal Swing                                                ; --            ; --             ; --         ;
; OUTPUT_IO_TIMING_NEAR_END_VMEAS     ; Half Vccio                                                       ; --            ; --             ; --         ;
; OUTPUT_IO_TIMING_NEAR_END_VMEAS     ; Half Vccio                                                       ; --            ; --             ; --         ;
; PARTITION_COLOR                     ; 16764057                                                         ; --            ; generador_vga1 ; Top        ;
; PARTITION_COLOR                     ; 16764057                                                         ; --            ; generador_vga2 ; Top        ;
; PARTITION_COLOR                     ; 16764057                                                         ; --            ; generador_vga4 ; Top        ;
; PARTITION_COLOR                     ; 16764057                                                         ; --            ; --             ; Top        ;
; PARTITION_FITTER_PRESERVATION_LEVEL ; PLACEMENT_AND_ROUTING                                            ; --            ; generador_vga1 ; Top        ;
; PARTITION_FITTER_PRESERVATION_LEVEL ; PLACEMENT_AND_ROUTING                                            ; --            ; generador_vga2 ; Top        ;
; PARTITION_FITTER_PRESERVATION_LEVEL ; PLACEMENT_AND_ROUTING                                            ; --            ; generador_vga4 ; Top        ;
; PARTITION_FITTER_PRESERVATION_LEVEL ; PLACEMENT_AND_ROUTING                                            ; --            ; --             ; Top        ;
; PARTITION_NETLIST_TYPE              ; SOURCE                                                           ; --            ; generador_vga1 ; Top        ;
; PARTITION_NETLIST_TYPE              ; SOURCE                                                           ; --            ; generador_vga2 ; Top        ;
; PARTITION_NETLIST_TYPE              ; SOURCE                                                           ; --            ; generador_vga4 ; Top        ;
; PARTITION_NETLIST_TYPE              ; SOURCE                                                           ; --            ; --             ; Top        ;
+-------------------------------------+------------------------------------------------------------------+---------------+----------------+------------+


+-------------------------------------------------------------------------------------------------------------------------------+
; Flow Elapsed Time                                                                                                             ;
+---------------------------+--------------+-------------------------+---------------------+------------------------------------+
; Module Name               ; Elapsed Time ; Average Processors Used ; Peak Virtual Memory ; Total CPU Time (on all processors) ;
+---------------------------+--------------+-------------------------+---------------------+------------------------------------+
; Analysis & Synthesis      ; 00:00:03     ; 1.0                     ; 4702 MB             ; 00:00:04                           ;
; Fitter                    ; 00:00:07     ; 1.0                     ; 5353 MB             ; 00:00:08                           ;
; Assembler                 ; 00:00:01     ; 1.0                     ; 4588 MB             ; 00:00:01                           ;
; TimeQuest Timing Analyzer ; 00:00:03     ; 1.0                     ; 4693 MB             ; 00:00:02                           ;
; Total                     ; 00:00:14     ; --                      ; --                  ; 00:00:15                           ;
+---------------------------+--------------+-------------------------+---------------------+------------------------------------+


+----------------------------------------------------------------------------------------+
; Flow OS Summary                                                                        ;
+---------------------------+------------------+-----------+------------+----------------+
; Module Name               ; Machine Hostname ; OS Name   ; OS Version ; Processor type ;
+---------------------------+------------------+-----------+------------+----------------+
; Analysis & Synthesis      ; LAPTOP-CLFUNMOP  ; Windows 7 ; 6.2        ; x86_64         ;
; Fitter                    ; LAPTOP-CLFUNMOP  ; Windows 7 ; 6.2        ; x86_64         ;
; Assembler                 ; LAPTOP-CLFUNMOP  ; Windows 7 ; 6.2        ; x86_64         ;
; TimeQuest Timing Analyzer ; LAPTOP-CLFUNMOP  ; Windows 7 ; 6.2        ; x86_64         ;
+---------------------------+------------------+-----------+------------+----------------+


------------
; Flow Log ;
------------
quartus_map --read_settings_files=on --write_settings_files=off generador_vga5 -c generador_vga5
quartus_fit --read_settings_files=off --write_settings_files=off generador_vga5 -c generador_vga5
quartus_asm --read_settings_files=off --write_settings_files=off generador_vga5 -c generador_vga5
quartus_sta generador_vga5 -c generador_vga5



